#
# There is insufficient memory for the Java Runtime Environment to continue.
# Native memory allocation (malloc) failed to allocate 2566720 bytes for Chunk::new
# Possible reasons:
#   The system is out of physical RAM or swap space
#   The process is running with CompressedOops enabled, and the Java Heap may be blocking the growth of the native heap
# Possible solutions:
#   Reduce memory load on the system
#   Increase physical memory or swap space
#   Check if swap backing store is full
#   Decrease Java heap size (-Xmx/-Xms)
#   Decrease number of Java threads
#   Decrease Java thread stack sizes (-Xss)
#   Set larger code cache with -XX:ReservedCodeCacheSize=
#   JVM is running with Unscaled Compressed Oops mode in which the Java heap is
#     placed in the first 4GB address space. The Java Heap base address is the
#     maximum limit for the native heap growth. Please use -XX:HeapBaseMinAddress
#     to set the Java Heap base and to place the Java Heap above 4GB virtual address.
# This output file may be truncated or incomplete.
#
#  Out of Memory Error (./open/src/hotspot/share/memory/arena.cpp:195), pid=10044, tid=1596
#
# JRE version: OpenJDK Runtime Environment (15.0.1+9) (build 15.0.1+9-18)
# Java VM: OpenJDK 64-Bit Server VM (15.0.1+9-18, mixed mode, sharing, tiered, compressed oops, g1 gc, windows-amd64)
# No core dump will be written. Minidumps are not enabled by default on client versions of Windows
#

---------------  S U M M A R Y ------------

Command Line: --add-opens=java.base/java.util=ALL-UNNAMED --add-opens=java.base/java.lang=ALL-UNNAMED --add-opens=java.base/java.lang.invoke=ALL-UNNAMED --add-opens=java.prefs/java.util.prefs=ALL-UNNAMED -XX:MaxMetaspaceSize=256m -XX:+HeapDumpOnOutOfMemoryError -Xms256m -Xmx512m -Dfile.encoding=windows-1251 -Duser.country=RU -Duser.language=ru -Duser.variant org.gradle.launcher.daemon.bootstrap.GradleDaemon 6.7

Host: Intel(R) Core(TM) i5-6200U CPU @ 2.30GHz, 4 cores, 3G,  Windows 10 , 64 bit Build 19041 (10.0.19041.662)
Time: Sun Feb  7 15:34:21 2021 RTZ 1 (зима) elapsed time: 494.346210 seconds (0d 0h 8m 14s)

---------------  T H R E A D  ---------------

Current thread (0x00000286dfaf8a90):  JavaThread "C2 CompilerThread0" daemon [_thread_in_native, id=1596, stack(0x000000c8acf00000,0x000000c8ad000000)]


Current CompileTask:
C2: 494346 8515   !   4       java.io.ObjectOutputStream::writeObject0 (620 bytes)

Stack: [0x000000c8acf00000,0x000000c8ad000000]
Native frames: (J=compiled Java code, j=interpreted, Vv=VM code, C=native code)
V  [jvm.dll+0x62ae9a]
V  [jvm.dll+0x781389]
V  [jvm.dll+0x782ae3]
V  [jvm.dll+0x783143]
V  [jvm.dll+0x216265]
V  [jvm.dll+0x97efa]
V  [jvm.dll+0x985dc]
V  [jvm.dll+0x32e525]
V  [jvm.dll+0x2f78aa]
V  [jvm.dll+0x2f6c6a]
V  [jvm.dll+0x1ea645]
V  [jvm.dll+0x1e98ae]
V  [jvm.dll+0x1784c7]
V  [jvm.dll+0x1f9165]
V  [jvm.dll+0x1f720c]
V  [jvm.dll+0x74485d]
V  [jvm.dll+0x73d65a]
V  [jvm.dll+0x629c56]
C  [ucrtbase.dll+0x214c2]
C  [KERNEL32.DLL+0x17034]
C  [ntdll.dll+0x4d0d1]


---------------  P R O C E S S  ---------------

Threads class SMR info:
_java_thread_list=0x00000286e5fa5dd0, length=74, elements={
0x00000286c50f1ff0, 0x00000286dfad24d0, 0x00000286dfad2fb0, 0x00000286dfaf0750,
0x00000286dfaf4030, 0x00000286dfaf48f0, 0x00000286dfaf8a90, 0x00000286dfb01550,
0x00000286dfb0c630, 0x00000286e0548720, 0x00000286e054d200, 0x00000286e1edca20,
0x00000286e1033340, 0x00000286e1651660, 0x00000286e1cea210, 0x00000286e1ceb550,
0x00000286e1ceba20, 0x00000286e3060a60, 0x00000286e3061da0, 0x00000286e30648f0,
0x00000286e498de10, 0x00000286e305f250, 0x00000286e3060590, 0x00000286e1ce9d40,
0x00000286e1ceabb0, 0x00000286e61663b0, 0x00000286e6165070, 0x00000286e6165ee0,
0x00000286e61693d0, 0x00000286e61698a0, 0x00000286e6169d70, 0x00000286e3259570,
0x00000286e3253060, 0x00000286e3254870, 0x00000286e325a8b0, 0x00000286e3259a40,
0x00000286e3253530, 0x00000286e3259f10, 0x00000286e3253a00, 0x00000286e32573c0,
0x00000286e3257d60, 0x00000286e3253ed0, 0x00000286e3256550, 0x00000286e32556e0,
0x00000286e32543a0, 0x00000286e3254d40, 0x00000286e3255bb0, 0x00000286e3255210,
0x00000286e3258230, 0x00000286e3256080, 0x00000286e3257890, 0x00000286e3256a20,
0x00000286e3256ef0, 0x00000286e32590a0, 0x00000286e498cfa0, 0x00000286e498c600,
0x00000286e498faf0, 0x00000286e498d940, 0x00000286e498b790, 0x00000286e498f620,
0x00000286e4991300, 0x00000286e4990e30, 0x00000286e498ffc0, 0x00000286e498adf0,
0x00000286e49917d0, 0x00000286e498ec80, 0x00000286e4992170, 0x00000286e4991ca0,
0x00000286e498bc60, 0x00000286e498e2e0, 0x00000286e61676f0, 0x00000286e6166880,
0x00000286e6166d50, 0x00000286e616abe0
}

Java Threads: ( => current thread )
  0x00000286c50f1ff0 JavaThread "main" [_thread_blocked, id=5028, stack(0x000000c8ac300000,0x000000c8ac400000)]
  0x00000286dfad24d0 JavaThread "Reference Handler" daemon [_thread_blocked, id=5520, stack(0x000000c8aca00000,0x000000c8acb00000)]
  0x00000286dfad2fb0 JavaThread "Finalizer" daemon [_thread_blocked, id=5216, stack(0x000000c8acb00000,0x000000c8acc00000)]
  0x00000286dfaf0750 JavaThread "Signal Dispatcher" daemon [_thread_blocked, id=4408, stack(0x000000c8acc00000,0x000000c8acd00000)]
  0x00000286dfaf4030 JavaThread "Attach Listener" daemon [_thread_blocked, id=9008, stack(0x000000c8acd00000,0x000000c8ace00000)]
  0x00000286dfaf48f0 JavaThread "Service Thread" daemon [_thread_blocked, id=6396, stack(0x000000c8ace00000,0x000000c8acf00000)]
=>0x00000286dfaf8a90 JavaThread "C2 CompilerThread0" daemon [_thread_in_native, id=1596, stack(0x000000c8acf00000,0x000000c8ad000000)]
  0x00000286dfb01550 JavaThread "C1 CompilerThread0" daemon [_thread_blocked, id=4904, stack(0x000000c8ad000000,0x000000c8ad100000)]
  0x00000286dfb0c630 JavaThread "Sweeper thread" daemon [_thread_blocked, id=2088, stack(0x000000c8ad100000,0x000000c8ad200000)]
  0x00000286e0548720 JavaThread "Common-Cleaner" daemon [_thread_blocked, id=9272, stack(0x000000c8ad200000,0x000000c8ad300000)]
  0x00000286e054d200 JavaThread "Notification Thread" daemon [_thread_blocked, id=4596, stack(0x000000c8ad300000,0x000000c8ad400000)]
  0x00000286e1edca20 JavaThread "Daemon health stats" [_thread_blocked, id=3800, stack(0x000000c8ad800000,0x000000c8ad900000)]
  0x00000286e1033340 JavaThread "Incoming local TCP Connector on port 54747" [_thread_in_native, id=1852, stack(0x000000c8adb00000,0x000000c8adc00000)]
  0x00000286e1651660 JavaThread "Daemon periodic checks" [_thread_blocked, id=8576, stack(0x000000c8adc00000,0x000000c8add00000)]
  0x00000286e1cea210 JavaThread "Cache worker for file hash cache (C:\Users\Nadya\.gradle\caches\6.7\fileHashes)" [_thread_blocked, id=976, stack(0x000000c8ae400000,0x000000c8ae500000)]
  0x00000286e1ceb550 JavaThread "File lock request listener" [_thread_in_native, id=4452, stack(0x000000c8ae500000,0x000000c8ae600000)]
  0x00000286e1ceba20 JavaThread "Cache worker for journal cache (C:\Users\Nadya\.gradle\caches\journal-1)" [_thread_blocked, id=4276, stack(0x000000c8ae600000,0x000000c8ae700000)]
  0x00000286e3060a60 JavaThread "Cache worker for execution history cache (C:\Users\Nadya\.gradle\caches\6.7\executionHistory)" [_thread_blocked, id=4320, stack(0x000000c8aeb00000,0x000000c8aec00000)]
  0x00000286e3061da0 JavaThread "Cache worker for file content cache (C:\Users\Nadya\.gradle\caches\6.7\fileContent)" [_thread_blocked, id=6592, stack(0x000000c8aed00000,0x000000c8aee00000)]
  0x00000286e30648f0 JavaThread "Cache worker for kotlin-dsl (C:\Users\Nadya\.gradle\caches\6.7\kotlin-dsl)" [_thread_blocked, id=7616, stack(0x000000c8aef00000,0x000000c8af000000)]
  0x00000286e498de10 JavaThread "Memory manager" [_thread_blocked, id=2480, stack(0x000000c8b0e00000,0x000000c8b0f00000)]
  0x00000286e305f250 JavaThread "RMI Scheduler(0)" daemon [_thread_blocked, id=5684, stack(0x000000c8b1400000,0x000000c8b1500000)]
  0x00000286e3060590 JavaThread "RMI GC Daemon" daemon [_thread_blocked, id=8432, stack(0x000000c8b1600000,0x000000c8b1700000)]
  0x00000286e1ce9d40 JavaThread "RMI TCP Accept-0" daemon [_thread_in_native, id=4056, stack(0x000000c8b1700000,0x000000c8b1800000)]
  0x00000286e1ceabb0 JavaThread "RMI Reaper" [_thread_blocked, id=1196, stack(0x000000c8b1800000,0x000000c8b1900000)]
  0x00000286e61663b0 JavaThread "Daemon Thread 2" [_thread_blocked, id=7088, stack(0x000000c8ac000000,0x000000c8ac100000)]
  0x00000286e6165070 JavaThread "Daemon worker Thread 2" [_thread_in_native, id=7260, stack(0x000000c8ad900000,0x000000c8ada00000)]
  0x00000286e6165ee0 JavaThread "jar transforms Thread 28" [_thread_blocked, id=3216, stack(0x000000c8ae700000,0x000000c8ae800000)]
  0x00000286e61693d0 JavaThread "jar transforms Thread 29" [_thread_blocked, id=1820, stack(0x000000c8af000000,0x000000c8af100000)]
  0x00000286e61698a0 JavaThread "jar transforms Thread 30" [_thread_blocked, id=5508, stack(0x000000c8af100000,0x000000c8af200000)]
  0x00000286e6169d70 JavaThread "jar transforms Thread 31" [_thread_blocked, id=9876, stack(0x000000c8af200000,0x000000c8af300000)]
  0x00000286e3259570 JavaThread "jar transforms Thread 32" [_thread_blocked, id=5136, stack(0x000000c8af300000,0x000000c8af400000)]
  0x00000286e3253060 JavaThread "jar transforms Thread 33" [_thread_blocked, id=9556, stack(0x000000c8af400000,0x000000c8af500000)]
  0x00000286e3254870 JavaThread "jar transforms Thread 34" [_thread_blocked, id=4368, stack(0x000000c8af500000,0x000000c8af600000)]
  0x00000286e325a8b0 JavaThread "jar transforms Thread 35" [_thread_blocked, id=748, stack(0x000000c8af600000,0x000000c8af700000)]
  0x00000286e3259a40 JavaThread "jar transforms Thread 36" [_thread_blocked, id=7108, stack(0x000000c8af700000,0x000000c8af800000)]
  0x00000286e3253530 JavaThread "jar transforms Thread 37" [_thread_blocked, id=1964, stack(0x000000c8af800000,0x000000c8af900000)]
  0x00000286e3259f10 JavaThread "jar transforms Thread 38" [_thread_blocked, id=6080, stack(0x000000c8af900000,0x000000c8afa00000)]
  0x00000286e3253a00 JavaThread "jar transforms Thread 39" [_thread_blocked, id=7880, stack(0x000000c8afa00000,0x000000c8afb00000)]
  0x00000286e32573c0 JavaThread "jar transforms Thread 40" [_thread_blocked, id=4824, stack(0x000000c8afb00000,0x000000c8afc00000)]
  0x00000286e3257d60 JavaThread "jar transforms Thread 41" [_thread_blocked, id=3804, stack(0x000000c8afc00000,0x000000c8afd00000)]
  0x00000286e3253ed0 JavaThread "jar transforms Thread 42" [_thread_blocked, id=120, stack(0x000000c8afd00000,0x000000c8afe00000)]
  0x00000286e3256550 JavaThread "jar transforms Thread 43" [_thread_blocked, id=8568, stack(0x000000c8afe00000,0x000000c8aff00000)]
  0x00000286e32556e0 JavaThread "jar transforms Thread 44" [_thread_blocked, id=9564, stack(0x000000c8aff00000,0x000000c8b0000000)]
  0x00000286e32543a0 JavaThread "jar transforms Thread 45" [_thread_blocked, id=8580, stack(0x000000c8b0000000,0x000000c8b0100000)]
  0x00000286e3254d40 JavaThread "jar transforms Thread 46" [_thread_blocked, id=2716, stack(0x000000c8b0100000,0x000000c8b0200000)]
  0x00000286e3255bb0 JavaThread "jar transforms Thread 47" [_thread_blocked, id=2876, stack(0x000000c8b0200000,0x000000c8b0300000)]
  0x00000286e3255210 JavaThread "jar transforms Thread 48" [_thread_blocked, id=2340, stack(0x000000c8b0300000,0x000000c8b0400000)]
  0x00000286e3258230 JavaThread "jar transforms Thread 49" [_thread_blocked, id=4916, stack(0x000000c8b0400000,0x000000c8b0500000)]
  0x00000286e3256080 JavaThread "jar transforms Thread 50" [_thread_blocked, id=6256, stack(0x000000c8b0500000,0x000000c8b0600000)]
  0x00000286e3257890 JavaThread "jar transforms Thread 51" [_thread_blocked, id=9900, stack(0x000000c8b0600000,0x000000c8b0700000)]
  0x00000286e3256a20 JavaThread "jar transforms Thread 52" [_thread_blocked, id=8936, stack(0x000000c8b0700000,0x000000c8b0800000)]
  0x00000286e3256ef0 JavaThread "jar transforms Thread 53" [_thread_blocked, id=2804, stack(0x000000c8b0800000,0x000000c8b0900000)]
  0x00000286e32590a0 JavaThread "jar transforms Thread 54" [_thread_blocked, id=7296, stack(0x000000c8b0900000,0x000000c8b0a00000)]
  0x00000286e498cfa0 JavaThread "Handler for socket connection from /127.0.0.1:54747 to /127.0.0.1:54804" [_thread_in_native, id=7308, stack(0x000000c8ac100000,0x000000c8ac200000)]
  0x00000286e498c600 JavaThread "Cancel handler" [_thread_blocked, id=6920, stack(0x000000c8ac200000,0x000000c8ac300000)]
  0x00000286e498faf0 JavaThread "Asynchronous log dispatcher for DefaultDaemonConnection: socket connection from /127.0.0.1:54747 to /127.0.0.1:54804" [_thread_blocked, id=6452, stack(0x000000c8ada00000,0x000000c8adb00000)]
  0x00000286e498d940 JavaThread "Stdin handler" [_thread_blocked, id=552, stack(0x000000c8add00000,0x000000c8ade00000)]
  0x00000286e498b790 JavaThread "Thread-126" [_thread_blocked, id=4448, stack(0x000000c8adf00000,0x000000c8ae000000)]
  0x00000286e498f620 JavaThread "Cache worker for file hash cache (C:\Users\Nadya\IdeaProjects\homework3_2\.gradle\6.7\fileHashes)" [_thread_blocked, id=9788, stack(0x000000c8ae000000,0x000000c8ae100000)]
  0x00000286e4991300 JavaThread "Cache worker for checksums cache (C:\Users\Nadya\IdeaProjects\homework3_2\.gradle\checksums)" [_thread_blocked, id=8572, stack(0x000000c8ae100000,0x000000c8ae200000)]
  0x00000286e4990e30 JavaThread "Cache worker for cache directory md-supplier (C:\Users\Nadya\.gradle\caches\6.7\md-supplier)" [_thread_blocked, id=3724, stack(0x000000c8ae200000,0x000000c8ae300000)]
  0x00000286e498ffc0 JavaThread "Cache worker for cache directory md-rule (C:\Users\Nadya\.gradle\caches\6.7\md-rule)" [_thread_blocked, id=7472, stack(0x000000c8ae300000,0x000000c8ae400000)]
  0x00000286e498adf0 JavaThread "Cache worker for Build Output Cleanup Cache (C:\Users\Nadya\IdeaProjects\homework3_2\.gradle\buildOutputCleanup)" [_thread_blocked, id=68, stack(0x000000c8ae800000,0x000000c8ae900000)]
  0x00000286e49917d0 JavaThread "Build operations" [_thread_blocked, id=1480, stack(0x000000c8ae900000,0x000000c8aea00000)]
  0x00000286e498ec80 JavaThread "Build operations Thread 2" [_thread_blocked, id=1200, stack(0x000000c8aea00000,0x000000c8aeb00000)]
  0x00000286e4992170 JavaThread "Build operations Thread 3" [_thread_blocked, id=5564, stack(0x000000c8aec00000,0x000000c8aed00000)]
  0x00000286e4991ca0 JavaThread "Build operations Thread 4" [_thread_blocked, id=2560, stack(0x000000c8aee00000,0x000000c8aef00000)]
  0x00000286e498bc60 JavaThread "Execution worker for ':'" [_thread_blocked, id=6992, stack(0x000000c8b0a00000,0x000000c8b0b00000)]
  0x00000286e498e2e0 JavaThread "Execution worker for ':' Thread 2" [_thread_blocked, id=5076, stack(0x000000c8b0b00000,0x000000c8b0c00000)]
  0x00000286e61676f0 JavaThread "Execution worker for ':' Thread 3" [_thread_blocked, id=2760, stack(0x000000c8b0c00000,0x000000c8b0d00000)]
  0x00000286e6166880 JavaThread "Cache worker for execution history cache (C:\Users\Nadya\IdeaProjects\homework3_2\.gradle\6.7\executionHistory)" [_thread_blocked, id=6508, stack(0x000000c8b0d00000,0x000000c8b0e00000)]
  0x00000286e6166d50 JavaThread "RMI RenewClean-[127.0.0.1:17629,org.jetbrains.kotlin.daemon.common.LoopbackNetworkInterface$ClientLoopbackSocketFactory@5b799d21]" daemon [_thread_blocked, id=8264, stack(0x000000c8b1000000,0x000000c8b1100000)]
  0x00000286e616abe0 JavaThread "RMI TCP Connection(3)-127.0.0.1" daemon [_thread_in_native, id=9016, stack(0x000000c8b1100000,0x000000c8b1200000)]

Other Threads:
  0x00000286dfad0d40 VMThread "VM Thread" [stack: 0x000000c8ac900000,0x000000c8aca00000] [id=3044]
  0x00000286e05556c0 WatcherThread [stack: 0x000000c8ad400000,0x000000c8ad500000] [id=8472]
  0x00000286c51191f0 GCTaskThread "GC Thread#0" [stack: 0x000000c8ac400000,0x000000c8ac500000] [id=8188]
  0x00000286e0546410 GCTaskThread "GC Thread#1" [stack: 0x000000c8ad500000,0x000000c8ad600000] [id=3704]
  0x00000286e0547730 GCTaskThread "GC Thread#2" [stack: 0x000000c8ad600000,0x000000c8ad700000] [id=2372]
  0x00000286e0546da0 GCTaskThread "GC Thread#3" [stack: 0x000000c8ad700000,0x000000c8ad800000] [id=4128]
  0x00000286c511e250 ConcurrentGCThread "G1 Main Marker" [stack: 0x000000c8ac500000,0x000000c8ac600000] [id=9384]
  0x00000286c511f4f0 ConcurrentGCThread "G1 Conc#0" [stack: 0x000000c8ac600000,0x000000c8ac700000] [id=5016]
  0x00000286c51cd210 ConcurrentGCThread "G1 Refine#0" [stack: 0x000000c8ac700000,0x000000c8ac800000] [id=5556]
  0x00000286e33a8d90 ConcurrentGCThread "G1 Refine#1" [stack: 0x000000c8b0f00000,0x000000c8b1000000] [id=5540]
  0x00000286e3dd6140 ConcurrentGCThread "G1 Refine#2" [stack: 0x000000c8ade00000,0x000000c8adf00000] [id=9624]
  0x00000286c51cea70 ConcurrentGCThread "G1 Young RemSet Sampling" [stack: 0x000000c8ac800000,0x000000c8ac900000] [id=4172]

Threads with active compile tasks:
C2 CompilerThread0   494489 8515   !   4       java.io.ObjectOutputStream::writeObject0 (620 bytes)

VM state: not at safepoint (normal execution)

VM Mutex/Monitor currently owned by a thread: None

Heap address: 0x00000000e0000000, size: 512 MB, Compressed Oops mode: 32-bit
CDS archive(s) mapped at: [0x0000000800000000-0x0000000800b50000-0x0000000800b50000), size 11862016, SharedBaseAddress: 0x0000000800000000, ArchiveRelocationMode: 0.
Compressed class space mapped at: 0x0000000800b50000-0x0000000810350000, size: 260046848
Narrow klass base: 0x0000000800000000, Narrow klass shift: 3, Narrow klass range: 0x100000000

GC Precious Log:
 CPUs: 4 total, 4 available
 Memory: 3512M
 Large Page Support: Disabled
 NUMA Support: Disabled
 Compressed Oops: Enabled (32-bit)
 Heap Region Size: 1M
 Heap Min Capacity: 256M
 Heap Initial Capacity: 256M
 Heap Max Capacity: 512M
 Pre-touch: Disabled
 Parallel Workers: 4
 Concurrent Workers: 1
 Concurrent Refinement Workers: 4
 Periodic GC: Disabled

Heap:
 garbage-first heap   total 262144K, used 102187K [0x00000000e0000000, 0x0000000100000000)
  region size 1024K, 74 young (75776K), 17 survivors (17408K)
 Metaspace       used 61139K, capacity 62334K, committed 62416K, reserved 309248K
  class space    used 7919K, capacity 8299K, committed 8320K, reserved 253952K

Heap Regions: E=young(eden), S=young(survivor), O=old, HS=humongous(starts), HC=humongous(continues), CS=collection set, F=free, OA=open archive, CA=closed archive, TAMS=top-at-mark-start (previous, next)
|   0|0x00000000e0000000, 0x00000000e0100000, 0x00000000e0100000|100%| O|  |TAMS 0x00000000e0100000, 0x00000000e0000000| Untracked 
|   1|0x00000000e0100000, 0x00000000e0200000, 0x00000000e0200000|100%| O|  |TAMS 0x00000000e0200000, 0x00000000e0100000| Untracked 
|   2|0x00000000e0200000, 0x00000000e0300000, 0x00000000e0300000|100%| O|  |TAMS 0x00000000e0300000, 0x00000000e0200000| Untracked 
|   3|0x00000000e0300000, 0x00000000e0400000, 0x00000000e0400000|100%|HS|  |TAMS 0x00000000e0400000, 0x00000000e0300000| Complete 
|   4|0x00000000e0400000, 0x00000000e0500000, 0x00000000e0500000|100%|HC|  |TAMS 0x00000000e0500000, 0x00000000e0400000| Complete 
|   5|0x00000000e0500000, 0x00000000e0600000, 0x00000000e0600000|100%|HC|  |TAMS 0x00000000e0600000, 0x00000000e0500000| Complete 
|   6|0x00000000e0600000, 0x00000000e0700000, 0x00000000e0700000|100%| O|  |TAMS 0x00000000e0700000, 0x00000000e0600000| Untracked 
|   7|0x00000000e0700000, 0x00000000e0800000, 0x00000000e0800000|100%| O|  |TAMS 0x00000000e0800000, 0x00000000e0700000| Untracked 
|   8|0x00000000e0800000, 0x00000000e0900000, 0x00000000e0900000|100%| O|  |TAMS 0x00000000e0900000, 0x00000000e0800000| Untracked 
|   9|0x00000000e0900000, 0x00000000e0a00000, 0x00000000e0a00000|100%|HS|  |TAMS 0x00000000e0a00000, 0x00000000e0900000| Complete 
|  10|0x00000000e0a00000, 0x00000000e0b00000, 0x00000000e0b00000|100%|HC|  |TAMS 0x00000000e0b00000, 0x00000000e0a00000| Complete 
|  11|0x00000000e0b00000, 0x00000000e0c00000, 0x00000000e0c00000|100%|HC|  |TAMS 0x00000000e0c00000, 0x00000000e0b00000| Complete 
|  12|0x00000000e0c00000, 0x00000000e0d00000, 0x00000000e0d00000|100%| O|  |TAMS 0x00000000e0c00000, 0x00000000e0c00000| Untracked 
|  13|0x00000000e0d00000, 0x00000000e0e00000, 0x00000000e0e00000|100%| O|  |TAMS 0x00000000e0e00000, 0x00000000e0d00000| Untracked 
|  14|0x00000000e0e00000, 0x00000000e0f00000, 0x00000000e0f00000|100%| O|  |TAMS 0x00000000e0f00000, 0x00000000e0e00000| Untracked 
|  15|0x00000000e0f00000, 0x00000000e1000000, 0x00000000e1000000|100%| O|  |TAMS 0x00000000e1000000, 0x00000000e0f00000| Untracked 
|  16|0x00000000e1000000, 0x00000000e1100000, 0x00000000e1100000|100%| O|  |TAMS 0x00000000e1100000, 0x00000000e1000000| Untracked 
|  17|0x00000000e1100000, 0x00000000e1200000, 0x00000000e1200000|100%| O|  |TAMS 0x00000000e1200000, 0x00000000e1100000| Untracked 
|  18|0x00000000e1200000, 0x00000000e1300000, 0x00000000e1300000|100%| O|  |TAMS 0x00000000e1300000, 0x00000000e1200000| Untracked 
|  19|0x00000000e1300000, 0x00000000e1400000, 0x00000000e1400000|100%| O|  |TAMS 0x00000000e1400000, 0x00000000e1300000| Untracked 
|  20|0x00000000e1400000, 0x00000000e1500000, 0x00000000e1500000|100%| O|  |TAMS 0x00000000e1500000, 0x00000000e1400000| Untracked 
|  21|0x00000000e1500000, 0x00000000e1600000, 0x00000000e1600000|100%| O|  |TAMS 0x00000000e1600000, 0x00000000e1500000| Untracked 
|  22|0x00000000e1600000, 0x00000000e1700000, 0x00000000e1700000|100%| O|  |TAMS 0x00000000e164d200, 0x00000000e1600000| Untracked 
|  23|0x00000000e1700000, 0x00000000e1800000, 0x00000000e1800000|100%| O|  |TAMS 0x00000000e1700000, 0x00000000e1700000| Untracked 
|  24|0x00000000e1800000, 0x00000000e1900000, 0x00000000e1900000|100%| O|  |TAMS 0x00000000e1800000, 0x00000000e1800000| Untracked 
|  25|0x00000000e1900000, 0x00000000e1a00000, 0x00000000e1a00000|100%| O|  |TAMS 0x00000000e1900000, 0x00000000e1900000| Untracked 
|  26|0x00000000e1a00000, 0x00000000e1b00000, 0x00000000e1b00000|100%| O|  |TAMS 0x00000000e1a00000, 0x00000000e1a00000| Untracked 
|  27|0x00000000e1b00000, 0x00000000e1b4ae00, 0x00000000e1c00000| 29%| O|  |TAMS 0x00000000e1b00000, 0x00000000e1b00000| Untracked 
|  28|0x00000000e1c00000, 0x00000000e1c00000, 0x00000000e1d00000|  0%| F|  |TAMS 0x00000000e1c00000, 0x00000000e1c00000| Untracked 
|  29|0x00000000e1d00000, 0x00000000e1d00000, 0x00000000e1e00000|  0%| F|  |TAMS 0x00000000e1d00000, 0x00000000e1d00000| Untracked 
|  30|0x00000000e1e00000, 0x00000000e1e00000, 0x00000000e1f00000|  0%| F|  |TAMS 0x00000000e1e00000, 0x00000000e1e00000| Untracked 
|  31|0x00000000e1f00000, 0x00000000e1f00000, 0x00000000e2000000|  0%| F|  |TAMS 0x00000000e1f00000, 0x00000000e1f00000| Untracked 
|  32|0x00000000e2000000, 0x00000000e2000000, 0x00000000e2100000|  0%| F|  |TAMS 0x00000000e2000000, 0x00000000e2000000| Untracked 
|  33|0x00000000e2100000, 0x00000000e2100000, 0x00000000e2200000|  0%| F|  |TAMS 0x00000000e2100000, 0x00000000e2100000| Untracked 
|  34|0x00000000e2200000, 0x00000000e2200000, 0x00000000e2300000|  0%| F|  |TAMS 0x00000000e2200000, 0x00000000e2200000| Untracked 
|  35|0x00000000e2300000, 0x00000000e2300000, 0x00000000e2400000|  0%| F|  |TAMS 0x00000000e2300000, 0x00000000e2300000| Untracked 
|  36|0x00000000e2400000, 0x00000000e2400000, 0x00000000e2500000|  0%| F|  |TAMS 0x00000000e2400000, 0x00000000e2400000| Untracked 
|  37|0x00000000e2500000, 0x00000000e2500000, 0x00000000e2600000|  0%| F|  |TAMS 0x00000000e2500000, 0x00000000e2500000| Untracked 
|  38|0x00000000e2600000, 0x00000000e2600000, 0x00000000e2700000|  0%| F|  |TAMS 0x00000000e2600000, 0x00000000e2600000| Untracked 
|  39|0x00000000e2700000, 0x00000000e2700000, 0x00000000e2800000|  0%| F|  |TAMS 0x00000000e2700000, 0x00000000e2700000| Untracked 
|  40|0x00000000e2800000, 0x00000000e2800000, 0x00000000e2900000|  0%| F|  |TAMS 0x00000000e2800000, 0x00000000e2800000| Untracked 
|  41|0x00000000e2900000, 0x00000000e2900000, 0x00000000e2a00000|  0%| F|  |TAMS 0x00000000e2900000, 0x00000000e2900000| Untracked 
|  42|0x00000000e2a00000, 0x00000000e2a00000, 0x00000000e2b00000|  0%| F|  |TAMS 0x00000000e2a00000, 0x00000000e2a00000| Untracked 
|  43|0x00000000e2b00000, 0x00000000e2b00000, 0x00000000e2c00000|  0%| F|  |TAMS 0x00000000e2b00000, 0x00000000e2b00000| Untracked 
|  44|0x00000000e2c00000, 0x00000000e2c00000, 0x00000000e2d00000|  0%| F|  |TAMS 0x00000000e2c00000, 0x00000000e2c00000| Untracked 
|  45|0x00000000e2d00000, 0x00000000e2d00000, 0x00000000e2e00000|  0%| F|  |TAMS 0x00000000e2d00000, 0x00000000e2d00000| Untracked 
|  46|0x00000000e2e00000, 0x00000000e2e00000, 0x00000000e2f00000|  0%| F|  |TAMS 0x00000000e2e00000, 0x00000000e2e00000| Untracked 
|  47|0x00000000e2f00000, 0x00000000e2f00000, 0x00000000e3000000|  0%| F|  |TAMS 0x00000000e2f00000, 0x00000000e2f00000| Untracked 
|  48|0x00000000e3000000, 0x00000000e3000000, 0x00000000e3100000|  0%| F|  |TAMS 0x00000000e3000000, 0x00000000e3000000| Untracked 
|  49|0x00000000e3100000, 0x00000000e3100000, 0x00000000e3200000|  0%| F|  |TAMS 0x00000000e3100000, 0x00000000e3100000| Untracked 
|  50|0x00000000e3200000, 0x00000000e3200000, 0x00000000e3300000|  0%| F|  |TAMS 0x00000000e3200000, 0x00000000e3200000| Untracked 
|  51|0x00000000e3300000, 0x00000000e3300000, 0x00000000e3400000|  0%| F|  |TAMS 0x00000000e3300000, 0x00000000e3300000| Untracked 
|  52|0x00000000e3400000, 0x00000000e3400000, 0x00000000e3500000|  0%| F|  |TAMS 0x00000000e3400000, 0x00000000e3400000| Untracked 
|  53|0x00000000e3500000, 0x00000000e3500000, 0x00000000e3600000|  0%| F|  |TAMS 0x00000000e3500000, 0x00000000e3500000| Untracked 
|  54|0x00000000e3600000, 0x00000000e3600000, 0x00000000e3700000|  0%| F|  |TAMS 0x00000000e3600000, 0x00000000e3600000| Untracked 
|  55|0x00000000e3700000, 0x00000000e3700000, 0x00000000e3800000|  0%| F|  |TAMS 0x00000000e3700000, 0x00000000e3700000| Untracked 
|  56|0x00000000e3800000, 0x00000000e3800000, 0x00000000e3900000|  0%| F|  |TAMS 0x00000000e3800000, 0x00000000e3800000| Untracked 
|  57|0x00000000e3900000, 0x00000000e3900000, 0x00000000e3a00000|  0%| F|  |TAMS 0x00000000e3900000, 0x00000000e3900000| Untracked 
|  58|0x00000000e3a00000, 0x00000000e3a00000, 0x00000000e3b00000|  0%| F|  |TAMS 0x00000000e3a00000, 0x00000000e3a00000| Untracked 
|  59|0x00000000e3b00000, 0x00000000e3b00000, 0x00000000e3c00000|  0%| F|  |TAMS 0x00000000e3b00000, 0x00000000e3b00000| Untracked 
|  60|0x00000000e3c00000, 0x00000000e3c00000, 0x00000000e3d00000|  0%| F|  |TAMS 0x00000000e3c00000, 0x00000000e3c00000| Untracked 
|  61|0x00000000e3d00000, 0x00000000e3d00000, 0x00000000e3e00000|  0%| F|  |TAMS 0x00000000e3d00000, 0x00000000e3d00000| Untracked 
|  62|0x00000000e3e00000, 0x00000000e3e00000, 0x00000000e3f00000|  0%| F|  |TAMS 0x00000000e3e00000, 0x00000000e3e00000| Untracked 
|  63|0x00000000e3f00000, 0x00000000e3f00000, 0x00000000e4000000|  0%| F|  |TAMS 0x00000000e3f00000, 0x00000000e3f00000| Untracked 
|  64|0x00000000e4000000, 0x00000000e4000000, 0x00000000e4100000|  0%| F|  |TAMS 0x00000000e4000000, 0x00000000e4000000| Untracked 
|  65|0x00000000e4100000, 0x00000000e4100000, 0x00000000e4200000|  0%| F|  |TAMS 0x00000000e4100000, 0x00000000e4100000| Untracked 
|  66|0x00000000e4200000, 0x00000000e4200000, 0x00000000e4300000|  0%| F|  |TAMS 0x00000000e4200000, 0x00000000e4200000| Untracked 
|  67|0x00000000e4300000, 0x00000000e4300000, 0x00000000e4400000|  0%| F|  |TAMS 0x00000000e4300000, 0x00000000e4300000| Untracked 
|  68|0x00000000e4400000, 0x00000000e4400000, 0x00000000e4500000|  0%| F|  |TAMS 0x00000000e4400000, 0x00000000e4400000| Untracked 
|  69|0x00000000e4500000, 0x00000000e4500000, 0x00000000e4600000|  0%| F|  |TAMS 0x00000000e4500000, 0x00000000e4500000| Untracked 
|  70|0x00000000e4600000, 0x00000000e4600000, 0x00000000e4700000|  0%| F|  |TAMS 0x00000000e4600000, 0x00000000e4600000| Untracked 
|  71|0x00000000e4700000, 0x00000000e4700000, 0x00000000e4800000|  0%| F|  |TAMS 0x00000000e4700000, 0x00000000e4700000| Untracked 
|  72|0x00000000e4800000, 0x00000000e4800000, 0x00000000e4900000|  0%| F|  |TAMS 0x00000000e4800000, 0x00000000e4800000| Untracked 
|  73|0x00000000e4900000, 0x00000000e4900000, 0x00000000e4a00000|  0%| F|  |TAMS 0x00000000e4900000, 0x00000000e4900000| Untracked 
|  74|0x00000000e4a00000, 0x00000000e4a00000, 0x00000000e4b00000|  0%| F|  |TAMS 0x00000000e4a00000, 0x00000000e4a00000| Untracked 
|  75|0x00000000e4b00000, 0x00000000e4b00000, 0x00000000e4c00000|  0%| F|  |TAMS 0x00000000e4b00000, 0x00000000e4b00000| Untracked 
|  76|0x00000000e4c00000, 0x00000000e4c00000, 0x00000000e4d00000|  0%| F|  |TAMS 0x00000000e4c00000, 0x00000000e4c00000| Untracked 
|  77|0x00000000e4d00000, 0x00000000e4d00000, 0x00000000e4e00000|  0%| F|  |TAMS 0x00000000e4d00000, 0x00000000e4d00000| Untracked 
|  78|0x00000000e4e00000, 0x00000000e4e00000, 0x00000000e4f00000|  0%| F|  |TAMS 0x00000000e4e00000, 0x00000000e4e00000| Untracked 
|  79|0x00000000e4f00000, 0x00000000e4f00000, 0x00000000e5000000|  0%| F|  |TAMS 0x00000000e4f00000, 0x00000000e4f00000| Untracked 
|  80|0x00000000e5000000, 0x00000000e5000000, 0x00000000e5100000|  0%| F|  |TAMS 0x00000000e5000000, 0x00000000e5000000| Untracked 
|  81|0x00000000e5100000, 0x00000000e5100000, 0x00000000e5200000|  0%| F|  |TAMS 0x00000000e5100000, 0x00000000e5100000| Untracked 
|  82|0x00000000e5200000, 0x00000000e5200000, 0x00000000e5300000|  0%| F|  |TAMS 0x00000000e5200000, 0x00000000e5200000| Untracked 
|  83|0x00000000e5300000, 0x00000000e5300000, 0x00000000e5400000|  0%| F|  |TAMS 0x00000000e5300000, 0x00000000e5300000| Untracked 
|  84|0x00000000e5400000, 0x00000000e5400000, 0x00000000e5500000|  0%| F|  |TAMS 0x00000000e5400000, 0x00000000e5400000| Untracked 
|  85|0x00000000e5500000, 0x00000000e5500000, 0x00000000e5600000|  0%| F|  |TAMS 0x00000000e5500000, 0x00000000e5500000| Untracked 
|  86|0x00000000e5600000, 0x00000000e5600000, 0x00000000e5700000|  0%| F|  |TAMS 0x00000000e5600000, 0x00000000e5600000| Untracked 
|  87|0x00000000e5700000, 0x00000000e5700000, 0x00000000e5800000|  0%| F|  |TAMS 0x00000000e5700000, 0x00000000e5700000| Untracked 
|  88|0x00000000e5800000, 0x00000000e5800000, 0x00000000e5900000|  0%| F|  |TAMS 0x00000000e5800000, 0x00000000e5800000| Untracked 
|  89|0x00000000e5900000, 0x00000000e5900000, 0x00000000e5a00000|  0%| F|  |TAMS 0x00000000e5900000, 0x00000000e5900000| Untracked 
|  90|0x00000000e5a00000, 0x00000000e5a00000, 0x00000000e5b00000|  0%| F|  |TAMS 0x00000000e5a00000, 0x00000000e5a00000| Untracked 
|  91|0x00000000e5b00000, 0x00000000e5b00000, 0x00000000e5c00000|  0%| F|  |TAMS 0x00000000e5b00000, 0x00000000e5b00000| Untracked 
|  92|0x00000000e5c00000, 0x00000000e5c00000, 0x00000000e5d00000|  0%| F|  |TAMS 0x00000000e5c00000, 0x00000000e5c00000| Untracked 
|  93|0x00000000e5d00000, 0x00000000e5d00000, 0x00000000e5e00000|  0%| F|  |TAMS 0x00000000e5d00000, 0x00000000e5d00000| Untracked 
|  94|0x00000000e5e00000, 0x00000000e5e00000, 0x00000000e5f00000|  0%| F|  |TAMS 0x00000000e5e00000, 0x00000000e5e00000| Untracked 
|  95|0x00000000e5f00000, 0x00000000e5f00000, 0x00000000e6000000|  0%| F|  |TAMS 0x00000000e5f00000, 0x00000000e5f00000| Untracked 
|  96|0x00000000e6000000, 0x00000000e6000000, 0x00000000e6100000|  0%| F|  |TAMS 0x00000000e6000000, 0x00000000e6000000| Untracked 
|  97|0x00000000e6100000, 0x00000000e6100000, 0x00000000e6200000|  0%| F|  |TAMS 0x00000000e6100000, 0x00000000e6100000| Untracked 
|  98|0x00000000e6200000, 0x00000000e6200000, 0x00000000e6300000|  0%| F|  |TAMS 0x00000000e6200000, 0x00000000e6200000| Untracked 
|  99|0x00000000e6300000, 0x00000000e6300000, 0x00000000e6400000|  0%| F|  |TAMS 0x00000000e6300000, 0x00000000e6300000| Untracked 
| 100|0x00000000e6400000, 0x00000000e6400000, 0x00000000e6500000|  0%| F|  |TAMS 0x00000000e6400000, 0x00000000e6400000| Untracked 
| 101|0x00000000e6500000, 0x00000000e6500000, 0x00000000e6600000|  0%| F|  |TAMS 0x00000000e6500000, 0x00000000e6500000| Untracked 
| 102|0x00000000e6600000, 0x00000000e6600000, 0x00000000e6700000|  0%| F|  |TAMS 0x00000000e6600000, 0x00000000e6600000| Untracked 
| 103|0x00000000e6700000, 0x00000000e6700000, 0x00000000e6800000|  0%| F|  |TAMS 0x00000000e6700000, 0x00000000e6700000| Untracked 
| 104|0x00000000e6800000, 0x00000000e6800000, 0x00000000e6900000|  0%| F|  |TAMS 0x00000000e6800000, 0x00000000e6800000| Untracked 
| 105|0x00000000e6900000, 0x00000000e6980000, 0x00000000e6a00000| 50%| S|CS|TAMS 0x00000000e6900000, 0x00000000e6900000| Complete 
| 106|0x00000000e6a00000, 0x00000000e6b00000, 0x00000000e6b00000|100%| S|CS|TAMS 0x00000000e6a00000, 0x00000000e6a00000| Complete 
| 107|0x00000000e6b00000, 0x00000000e6c00000, 0x00000000e6c00000|100%| S|CS|TAMS 0x00000000e6b00000, 0x00000000e6b00000| Complete 
| 108|0x00000000e6c00000, 0x00000000e6d00000, 0x00000000e6d00000|100%| S|CS|TAMS 0x00000000e6c00000, 0x00000000e6c00000| Complete 
| 109|0x00000000e6d00000, 0x00000000e6e00000, 0x00000000e6e00000|100%| S|CS|TAMS 0x00000000e6d00000, 0x00000000e6d00000| Complete 
| 110|0x00000000e6e00000, 0x00000000e6f00000, 0x00000000e6f00000|100%| S|CS|TAMS 0x00000000e6e00000, 0x00000000e6e00000| Complete 
| 111|0x00000000e6f00000, 0x00000000e7000000, 0x00000000e7000000|100%| S|CS|TAMS 0x00000000e6f00000, 0x00000000e6f00000| Complete 
| 112|0x00000000e7000000, 0x00000000e7100000, 0x00000000e7100000|100%| S|CS|TAMS 0x00000000e7000000, 0x00000000e7000000| Complete 
| 113|0x00000000e7100000, 0x00000000e7200000, 0x00000000e7200000|100%| S|CS|TAMS 0x00000000e7100000, 0x00000000e7100000| Complete 
| 114|0x00000000e7200000, 0x00000000e7300000, 0x00000000e7300000|100%| S|CS|TAMS 0x00000000e7200000, 0x00000000e7200000| Complete 
| 115|0x00000000e7300000, 0x00000000e7400000, 0x00000000e7400000|100%| S|CS|TAMS 0x00000000e7300000, 0x00000000e7300000| Complete 
| 116|0x00000000e7400000, 0x00000000e7500000, 0x00000000e7500000|100%| S|CS|TAMS 0x00000000e7400000, 0x00000000e7400000| Complete 
| 117|0x00000000e7500000, 0x00000000e7600000, 0x00000000e7600000|100%| S|CS|TAMS 0x00000000e7500000, 0x00000000e7500000| Complete 
| 118|0x00000000e7600000, 0x00000000e7700000, 0x00000000e7700000|100%| S|CS|TAMS 0x00000000e7600000, 0x00000000e7600000| Complete 
| 119|0x00000000e7700000, 0x00000000e7800000, 0x00000000e7800000|100%| S|CS|TAMS 0x00000000e7700000, 0x00000000e7700000| Complete 
| 120|0x00000000e7800000, 0x00000000e7900000, 0x00000000e7900000|100%| S|CS|TAMS 0x00000000e7800000, 0x00000000e7800000| Complete 
| 121|0x00000000e7900000, 0x00000000e7a00000, 0x00000000e7a00000|100%| S|CS|TAMS 0x00000000e7900000, 0x00000000e7900000| Complete 
| 122|0x00000000e7a00000, 0x00000000e7a00000, 0x00000000e7b00000|  0%| F|  |TAMS 0x00000000e7a00000, 0x00000000e7a00000| Untracked 
| 123|0x00000000e7b00000, 0x00000000e7b00000, 0x00000000e7c00000|  0%| F|  |TAMS 0x00000000e7b00000, 0x00000000e7b00000| Untracked 
| 124|0x00000000e7c00000, 0x00000000e7c00000, 0x00000000e7d00000|  0%| F|  |TAMS 0x00000000e7c00000, 0x00000000e7c00000| Untracked 
| 125|0x00000000e7d00000, 0x00000000e7d00000, 0x00000000e7e00000|  0%| F|  |TAMS 0x00000000e7d00000, 0x00000000e7d00000| Untracked 
| 126|0x00000000e7e00000, 0x00000000e7e00000, 0x00000000e7f00000|  0%| F|  |TAMS 0x00000000e7e00000, 0x00000000e7e00000| Untracked 
| 127|0x00000000e7f00000, 0x00000000e7f00000, 0x00000000e8000000|  0%| F|  |TAMS 0x00000000e7f00000, 0x00000000e7f00000| Untracked 
| 128|0x00000000e8000000, 0x00000000e8000000, 0x00000000e8100000|  0%| F|  |TAMS 0x00000000e8000000, 0x00000000e8000000| Untracked 
| 129|0x00000000e8100000, 0x00000000e8100000, 0x00000000e8200000|  0%| F|  |TAMS 0x00000000e8100000, 0x00000000e8100000| Untracked 
| 130|0x00000000e8200000, 0x00000000e8200000, 0x00000000e8300000|  0%| F|  |TAMS 0x00000000e8200000, 0x00000000e8200000| Untracked 
| 131|0x00000000e8300000, 0x00000000e8300000, 0x00000000e8400000|  0%| F|  |TAMS 0x00000000e8300000, 0x00000000e8300000| Untracked 
| 132|0x00000000e8400000, 0x00000000e8400000, 0x00000000e8500000|  0%| F|  |TAMS 0x00000000e8400000, 0x00000000e8400000| Untracked 
| 133|0x00000000e8500000, 0x00000000e8500000, 0x00000000e8600000|  0%| F|  |TAMS 0x00000000e8500000, 0x00000000e8500000| Untracked 
| 134|0x00000000e8600000, 0x00000000e8600000, 0x00000000e8700000|  0%| F|  |TAMS 0x00000000e8600000, 0x00000000e8600000| Untracked 
| 135|0x00000000e8700000, 0x00000000e8700000, 0x00000000e8800000|  0%| F|  |TAMS 0x00000000e8700000, 0x00000000e8700000| Untracked 
| 136|0x00000000e8800000, 0x00000000e8800000, 0x00000000e8900000|  0%| F|  |TAMS 0x00000000e8800000, 0x00000000e8800000| Untracked 
| 137|0x00000000e8900000, 0x00000000e8900000, 0x00000000e8a00000|  0%| F|  |TAMS 0x00000000e8900000, 0x00000000e8900000| Untracked 
| 138|0x00000000e8a00000, 0x00000000e8a00000, 0x00000000e8b00000|  0%| F|  |TAMS 0x00000000e8a00000, 0x00000000e8a00000| Untracked 
| 139|0x00000000e8b00000, 0x00000000e8b00000, 0x00000000e8c00000|  0%| F|  |TAMS 0x00000000e8b00000, 0x00000000e8b00000| Untracked 
| 140|0x00000000e8c00000, 0x00000000e8c00000, 0x00000000e8d00000|  0%| F|  |TAMS 0x00000000e8c00000, 0x00000000e8c00000| Untracked 
| 141|0x00000000e8d00000, 0x00000000e8d00000, 0x00000000e8e00000|  0%| F|  |TAMS 0x00000000e8d00000, 0x00000000e8d00000| Untracked 
| 142|0x00000000e8e00000, 0x00000000e8e00000, 0x00000000e8f00000|  0%| F|  |TAMS 0x00000000e8e00000, 0x00000000e8e00000| Untracked 
| 143|0x00000000e8f00000, 0x00000000e8f00000, 0x00000000e9000000|  0%| F|  |TAMS 0x00000000e8f00000, 0x00000000e8f00000| Untracked 
| 144|0x00000000e9000000, 0x00000000e9000000, 0x00000000e9100000|  0%| F|  |TAMS 0x00000000e9000000, 0x00000000e9000000| Untracked 
| 145|0x00000000e9100000, 0x00000000e9100000, 0x00000000e9200000|  0%| F|  |TAMS 0x00000000e9100000, 0x00000000e9100000| Untracked 
| 146|0x00000000e9200000, 0x00000000e9200000, 0x00000000e9300000|  0%| F|  |TAMS 0x00000000e9200000, 0x00000000e9200000| Untracked 
| 147|0x00000000e9300000, 0x00000000e9300000, 0x00000000e9400000|  0%| F|  |TAMS 0x00000000e9300000, 0x00000000e9300000| Untracked 
| 148|0x00000000e9400000, 0x00000000e9400000, 0x00000000e9500000|  0%| F|  |TAMS 0x00000000e9400000, 0x00000000e9400000| Untracked 
| 149|0x00000000e9500000, 0x00000000e9500000, 0x00000000e9600000|  0%| F|  |TAMS 0x00000000e9500000, 0x00000000e9500000| Untracked 
| 150|0x00000000e9600000, 0x00000000e9600000, 0x00000000e9700000|  0%| F|  |TAMS 0x00000000e9600000, 0x00000000e9600000| Untracked 
| 151|0x00000000e9700000, 0x00000000e9700000, 0x00000000e9800000|  0%| F|  |TAMS 0x00000000e9700000, 0x00000000e9700000| Untracked 
| 152|0x00000000e9800000, 0x00000000e9800000, 0x00000000e9900000|  0%| F|  |TAMS 0x00000000e9800000, 0x00000000e9800000| Untracked 
| 153|0x00000000e9900000, 0x00000000e9900000, 0x00000000e9a00000|  0%| F|  |TAMS 0x00000000e9900000, 0x00000000e9900000| Untracked 
| 154|0x00000000e9a00000, 0x00000000e9a00000, 0x00000000e9b00000|  0%| F|  |TAMS 0x00000000e9a00000, 0x00000000e9a00000| Untracked 
| 155|0x00000000e9b00000, 0x00000000e9b00000, 0x00000000e9c00000|  0%| F|  |TAMS 0x00000000e9b00000, 0x00000000e9b00000| Untracked 
| 156|0x00000000e9c00000, 0x00000000e9c00000, 0x00000000e9d00000|  0%| F|  |TAMS 0x00000000e9c00000, 0x00000000e9c00000| Untracked 
| 157|0x00000000e9d00000, 0x00000000e9d00000, 0x00000000e9e00000|  0%| F|  |TAMS 0x00000000e9d00000, 0x00000000e9d00000| Untracked 
| 158|0x00000000e9e00000, 0x00000000e9e00000, 0x00000000e9f00000|  0%| F|  |TAMS 0x00000000e9e00000, 0x00000000e9e00000| Untracked 
| 159|0x00000000e9f00000, 0x00000000e9f00000, 0x00000000ea000000|  0%| F|  |TAMS 0x00000000e9f00000, 0x00000000e9f00000| Untracked 
| 160|0x00000000ea000000, 0x00000000ea000000, 0x00000000ea100000|  0%| F|  |TAMS 0x00000000ea000000, 0x00000000ea000000| Untracked 
| 161|0x00000000ea100000, 0x00000000ea100000, 0x00000000ea200000|  0%| F|  |TAMS 0x00000000ea100000, 0x00000000ea100000| Untracked 
| 162|0x00000000ea200000, 0x00000000ea200000, 0x00000000ea300000|  0%| F|  |TAMS 0x00000000ea200000, 0x00000000ea200000| Untracked 
| 163|0x00000000ea300000, 0x00000000ea300000, 0x00000000ea400000|  0%| F|  |TAMS 0x00000000ea300000, 0x00000000ea300000| Untracked 
| 164|0x00000000ea400000, 0x00000000ea400000, 0x00000000ea500000|  0%| F|  |TAMS 0x00000000ea400000, 0x00000000ea400000| Untracked 
| 165|0x00000000ea500000, 0x00000000ea500000, 0x00000000ea600000|  0%| F|  |TAMS 0x00000000ea500000, 0x00000000ea500000| Untracked 
| 166|0x00000000ea600000, 0x00000000ea600000, 0x00000000ea700000|  0%| F|  |TAMS 0x00000000ea600000, 0x00000000ea600000| Untracked 
| 167|0x00000000ea700000, 0x00000000ea700000, 0x00000000ea800000|  0%| F|  |TAMS 0x00000000ea700000, 0x00000000ea700000| Untracked 
| 168|0x00000000ea800000, 0x00000000ea800000, 0x00000000ea900000|  0%| F|  |TAMS 0x00000000ea800000, 0x00000000ea800000| Untracked 
| 169|0x00000000ea900000, 0x00000000ea900000, 0x00000000eaa00000|  0%| F|  |TAMS 0x00000000ea900000, 0x00000000ea900000| Untracked 
| 170|0x00000000eaa00000, 0x00000000eaa00000, 0x00000000eab00000|  0%| F|  |TAMS 0x00000000eaa00000, 0x00000000eaa00000| Untracked 
| 171|0x00000000eab00000, 0x00000000eab00000, 0x00000000eac00000|  0%| F|  |TAMS 0x00000000eab00000, 0x00000000eab00000| Untracked 
| 172|0x00000000eac00000, 0x00000000eac00000, 0x00000000ead00000|  0%| F|  |TAMS 0x00000000eac00000, 0x00000000eac00000| Untracked 
| 173|0x00000000ead00000, 0x00000000ead00000, 0x00000000eae00000|  0%| F|  |TAMS 0x00000000ead00000, 0x00000000ead00000| Untracked 
| 174|0x00000000eae00000, 0x00000000eae00000, 0x00000000eaf00000|  0%| F|  |TAMS 0x00000000eae00000, 0x00000000eae00000| Untracked 
| 175|0x00000000eaf00000, 0x00000000eaf00000, 0x00000000eb000000|  0%| F|  |TAMS 0x00000000eaf00000, 0x00000000eaf00000| Untracked 
| 176|0x00000000eb000000, 0x00000000eb000000, 0x00000000eb100000|  0%| F|  |TAMS 0x00000000eb000000, 0x00000000eb000000| Untracked 
| 177|0x00000000eb100000, 0x00000000eb100000, 0x00000000eb200000|  0%| F|  |TAMS 0x00000000eb100000, 0x00000000eb100000| Untracked 
| 178|0x00000000eb200000, 0x00000000eb200000, 0x00000000eb300000|  0%| F|  |TAMS 0x00000000eb200000, 0x00000000eb200000| Untracked 
| 179|0x00000000eb300000, 0x00000000eb300000, 0x00000000eb400000|  0%| F|  |TAMS 0x00000000eb300000, 0x00000000eb300000| Untracked 
| 180|0x00000000eb400000, 0x00000000eb400000, 0x00000000eb500000|  0%| F|  |TAMS 0x00000000eb400000, 0x00000000eb400000| Untracked 
| 181|0x00000000eb500000, 0x00000000eb500000, 0x00000000eb600000|  0%| F|  |TAMS 0x00000000eb500000, 0x00000000eb500000| Untracked 
| 182|0x00000000eb600000, 0x00000000eb600000, 0x00000000eb700000|  0%| F|  |TAMS 0x00000000eb600000, 0x00000000eb600000| Untracked 
| 183|0x00000000eb700000, 0x00000000eb700000, 0x00000000eb800000|  0%| F|  |TAMS 0x00000000eb700000, 0x00000000eb700000| Untracked 
| 184|0x00000000eb800000, 0x00000000eb800000, 0x00000000eb900000|  0%| F|  |TAMS 0x00000000eb800000, 0x00000000eb800000| Untracked 
| 185|0x00000000eb900000, 0x00000000eb900000, 0x00000000eba00000|  0%| F|  |TAMS 0x00000000eb900000, 0x00000000eb900000| Untracked 
| 186|0x00000000eba00000, 0x00000000eba00000, 0x00000000ebb00000|  0%| F|  |TAMS 0x00000000eba00000, 0x00000000eba00000| Untracked 
| 187|0x00000000ebb00000, 0x00000000ebb00000, 0x00000000ebc00000|  0%| F|  |TAMS 0x00000000ebb00000, 0x00000000ebb00000| Untracked 
| 188|0x00000000ebc00000, 0x00000000ebc00000, 0x00000000ebd00000|  0%| F|  |TAMS 0x00000000ebc00000, 0x00000000ebc00000| Untracked 
| 189|0x00000000ebd00000, 0x00000000ebd00000, 0x00000000ebe00000|  0%| F|  |TAMS 0x00000000ebd00000, 0x00000000ebd00000| Untracked 
| 190|0x00000000ebe00000, 0x00000000ebe00000, 0x00000000ebf00000|  0%| F|  |TAMS 0x00000000ebe00000, 0x00000000ebe00000| Untracked 
| 191|0x00000000ebf00000, 0x00000000ebf00000, 0x00000000ec000000|  0%| F|  |TAMS 0x00000000ebf00000, 0x00000000ebf00000| Untracked 
| 192|0x00000000ec000000, 0x00000000ec000000, 0x00000000ec100000|  0%| F|  |TAMS 0x00000000ec000000, 0x00000000ec000000| Untracked 
| 193|0x00000000ec100000, 0x00000000ec100000, 0x00000000ec200000|  0%| F|  |TAMS 0x00000000ec100000, 0x00000000ec100000| Untracked 
| 194|0x00000000ec200000, 0x00000000ec200000, 0x00000000ec300000|  0%| F|  |TAMS 0x00000000ec200000, 0x00000000ec200000| Untracked 
| 195|0x00000000ec300000, 0x00000000ec300000, 0x00000000ec400000|  0%| F|  |TAMS 0x00000000ec300000, 0x00000000ec300000| Untracked 
| 196|0x00000000ec400000, 0x00000000ec400000, 0x00000000ec500000|  0%| F|  |TAMS 0x00000000ec400000, 0x00000000ec400000| Untracked 
| 197|0x00000000ec500000, 0x00000000ec500000, 0x00000000ec600000|  0%| F|  |TAMS 0x00000000ec500000, 0x00000000ec500000| Untracked 
| 198|0x00000000ec600000, 0x00000000ec600000, 0x00000000ec700000|  0%| F|  |TAMS 0x00000000ec600000, 0x00000000ec600000| Untracked 
| 199|0x00000000ec700000, 0x00000000ec7fa610, 0x00000000ec800000| 97%| E|  |TAMS 0x00000000ec700000, 0x00000000ec700000| Complete 
| 200|0x00000000ec800000, 0x00000000ec900000, 0x00000000ec900000|100%| E|CS|TAMS 0x00000000ec800000, 0x00000000ec800000| Complete 
| 201|0x00000000ec900000, 0x00000000eca00000, 0x00000000eca00000|100%| E|CS|TAMS 0x00000000ec900000, 0x00000000ec900000| Complete 
| 202|0x00000000eca00000, 0x00000000ecb00000, 0x00000000ecb00000|100%| E|CS|TAMS 0x00000000eca00000, 0x00000000eca00000| Complete 
| 203|0x00000000ecb00000, 0x00000000ecc00000, 0x00000000ecc00000|100%| E|CS|TAMS 0x00000000ecb00000, 0x00000000ecb00000| Complete 
| 204|0x00000000ecc00000, 0x00000000ecd00000, 0x00000000ecd00000|100%| E|CS|TAMS 0x00000000ecc00000, 0x00000000ecc00000| Complete 
| 205|0x00000000ecd00000, 0x00000000ece00000, 0x00000000ece00000|100%| E|CS|TAMS 0x00000000ecd00000, 0x00000000ecd00000| Complete 
| 206|0x00000000ece00000, 0x00000000ecf00000, 0x00000000ecf00000|100%| E|CS|TAMS 0x00000000ece00000, 0x00000000ece00000| Complete 
| 207|0x00000000ecf00000, 0x00000000ed000000, 0x00000000ed000000|100%| E|CS|TAMS 0x00000000ecf00000, 0x00000000ecf00000| Complete 
| 208|0x00000000ed000000, 0x00000000ed100000, 0x00000000ed100000|100%| E|CS|TAMS 0x00000000ed000000, 0x00000000ed000000| Complete 
| 209|0x00000000ed100000, 0x00000000ed200000, 0x00000000ed200000|100%| E|CS|TAMS 0x00000000ed100000, 0x00000000ed100000| Complete 
| 210|0x00000000ed200000, 0x00000000ed300000, 0x00000000ed300000|100%| E|CS|TAMS 0x00000000ed200000, 0x00000000ed200000| Complete 
| 211|0x00000000ed300000, 0x00000000ed400000, 0x00000000ed400000|100%| E|CS|TAMS 0x00000000ed300000, 0x00000000ed300000| Complete 
| 212|0x00000000ed400000, 0x00000000ed500000, 0x00000000ed500000|100%| E|CS|TAMS 0x00000000ed400000, 0x00000000ed400000| Complete 
| 213|0x00000000ed500000, 0x00000000ed600000, 0x00000000ed600000|100%| E|CS|TAMS 0x00000000ed500000, 0x00000000ed500000| Complete 
| 214|0x00000000ed600000, 0x00000000ed700000, 0x00000000ed700000|100%| E|CS|TAMS 0x00000000ed600000, 0x00000000ed600000| Complete 
| 215|0x00000000ed700000, 0x00000000ed800000, 0x00000000ed800000|100%| E|CS|TAMS 0x00000000ed700000, 0x00000000ed700000| Complete 
| 216|0x00000000ed800000, 0x00000000ed900000, 0x00000000ed900000|100%| E|CS|TAMS 0x00000000ed800000, 0x00000000ed800000| Complete 
| 217|0x00000000ed900000, 0x00000000eda00000, 0x00000000eda00000|100%| E|CS|TAMS 0x00000000ed900000, 0x00000000ed900000| Complete 
| 218|0x00000000eda00000, 0x00000000edb00000, 0x00000000edb00000|100%| E|CS|TAMS 0x00000000eda00000, 0x00000000eda00000| Complete 
| 219|0x00000000edb00000, 0x00000000edc00000, 0x00000000edc00000|100%| E|CS|TAMS 0x00000000edb00000, 0x00000000edb00000| Complete 
| 220|0x00000000edc00000, 0x00000000edd00000, 0x00000000edd00000|100%| E|CS|TAMS 0x00000000edc00000, 0x00000000edc00000| Complete 
| 221|0x00000000edd00000, 0x00000000ede00000, 0x00000000ede00000|100%| E|CS|TAMS 0x00000000edd00000, 0x00000000edd00000| Complete 
| 222|0x00000000ede00000, 0x00000000edf00000, 0x00000000edf00000|100%| E|CS|TAMS 0x00000000ede00000, 0x00000000ede00000| Complete 
| 223|0x00000000edf00000, 0x00000000ee000000, 0x00000000ee000000|100%| E|CS|TAMS 0x00000000edf00000, 0x00000000edf00000| Complete 
| 224|0x00000000ee000000, 0x00000000ee100000, 0x00000000ee100000|100%| E|CS|TAMS 0x00000000ee000000, 0x00000000ee000000| Complete 
| 225|0x00000000ee100000, 0x00000000ee200000, 0x00000000ee200000|100%| E|CS|TAMS 0x00000000ee100000, 0x00000000ee100000| Complete 
| 226|0x00000000ee200000, 0x00000000ee300000, 0x00000000ee300000|100%| E|CS|TAMS 0x00000000ee200000, 0x00000000ee200000| Complete 
| 227|0x00000000ee300000, 0x00000000ee400000, 0x00000000ee400000|100%| E|CS|TAMS 0x00000000ee300000, 0x00000000ee300000| Complete 
| 228|0x00000000ee400000, 0x00000000ee500000, 0x00000000ee500000|100%| E|CS|TAMS 0x00000000ee400000, 0x00000000ee400000| Complete 
| 229|0x00000000ee500000, 0x00000000ee600000, 0x00000000ee600000|100%| E|CS|TAMS 0x00000000ee500000, 0x00000000ee500000| Complete 
| 230|0x00000000ee600000, 0x00000000ee700000, 0x00000000ee700000|100%| E|CS|TAMS 0x00000000ee600000, 0x00000000ee600000| Complete 
| 231|0x00000000ee700000, 0x00000000ee800000, 0x00000000ee800000|100%| E|CS|TAMS 0x00000000ee700000, 0x00000000ee700000| Complete 
| 232|0x00000000ee800000, 0x00000000ee900000, 0x00000000ee900000|100%| E|CS|TAMS 0x00000000ee800000, 0x00000000ee800000| Complete 
| 233|0x00000000ee900000, 0x00000000eea00000, 0x00000000eea00000|100%| E|CS|TAMS 0x00000000ee900000, 0x00000000ee900000| Complete 
| 234|0x00000000eea00000, 0x00000000eeb00000, 0x00000000eeb00000|100%| E|CS|TAMS 0x00000000eea00000, 0x00000000eea00000| Complete 
| 235|0x00000000eeb00000, 0x00000000eec00000, 0x00000000eec00000|100%| E|CS|TAMS 0x00000000eeb00000, 0x00000000eeb00000| Complete 
| 236|0x00000000eec00000, 0x00000000eed00000, 0x00000000eed00000|100%| E|CS|TAMS 0x00000000eec00000, 0x00000000eec00000| Complete 
| 237|0x00000000eed00000, 0x00000000eee00000, 0x00000000eee00000|100%| E|CS|TAMS 0x00000000eed00000, 0x00000000eed00000| Complete 
| 238|0x00000000eee00000, 0x00000000eef00000, 0x00000000eef00000|100%| E|CS|TAMS 0x00000000eee00000, 0x00000000eee00000| Complete 
| 239|0x00000000eef00000, 0x00000000ef000000, 0x00000000ef000000|100%| E|CS|TAMS 0x00000000eef00000, 0x00000000eef00000| Complete 
| 240|0x00000000ef000000, 0x00000000ef100000, 0x00000000ef100000|100%| E|CS|TAMS 0x00000000ef000000, 0x00000000ef000000| Complete 
| 241|0x00000000ef100000, 0x00000000ef200000, 0x00000000ef200000|100%| E|CS|TAMS 0x00000000ef100000, 0x00000000ef100000| Complete 
| 242|0x00000000ef200000, 0x00000000ef300000, 0x00000000ef300000|100%| E|CS|TAMS 0x00000000ef200000, 0x00000000ef200000| Complete 
| 243|0x00000000ef300000, 0x00000000ef400000, 0x00000000ef400000|100%| E|CS|TAMS 0x00000000ef300000, 0x00000000ef300000| Complete 
| 244|0x00000000ef400000, 0x00000000ef500000, 0x00000000ef500000|100%| E|CS|TAMS 0x00000000ef400000, 0x00000000ef400000| Complete 
| 245|0x00000000ef500000, 0x00000000ef600000, 0x00000000ef600000|100%| E|CS|TAMS 0x00000000ef500000, 0x00000000ef500000| Complete 
| 246|0x00000000ef600000, 0x00000000ef700000, 0x00000000ef700000|100%| E|CS|TAMS 0x00000000ef600000, 0x00000000ef600000| Complete 
| 247|0x00000000ef700000, 0x00000000ef800000, 0x00000000ef800000|100%| E|CS|TAMS 0x00000000ef700000, 0x00000000ef700000| Complete 
| 248|0x00000000ef800000, 0x00000000ef900000, 0x00000000ef900000|100%| E|CS|TAMS 0x00000000ef800000, 0x00000000ef800000| Complete 
| 249|0x00000000ef900000, 0x00000000efa00000, 0x00000000efa00000|100%| E|CS|TAMS 0x00000000ef900000, 0x00000000ef900000| Complete 
| 250|0x00000000efa00000, 0x00000000efb00000, 0x00000000efb00000|100%| E|CS|TAMS 0x00000000efa00000, 0x00000000efa00000| Complete 
| 251|0x00000000efb00000, 0x00000000efc00000, 0x00000000efc00000|100%| E|CS|TAMS 0x00000000efb00000, 0x00000000efb00000| Complete 
| 252|0x00000000efc00000, 0x00000000efd00000, 0x00000000efd00000|100%| E|CS|TAMS 0x00000000efc00000, 0x00000000efc00000| Complete 
| 253|0x00000000efd00000, 0x00000000efe00000, 0x00000000efe00000|100%| E|CS|TAMS 0x00000000efd00000, 0x00000000efd00000| Complete 
| 254|0x00000000efe00000, 0x00000000eff00000, 0x00000000eff00000|100%| E|CS|TAMS 0x00000000efe00000, 0x00000000efe00000| Complete 
| 255|0x00000000eff00000, 0x00000000f0000000, 0x00000000f0000000|100%| E|CS|TAMS 0x00000000eff00000, 0x00000000eff00000| Complete 

Card table byte_map: [0x00000286dc320000,0x00000286dc420000] _byte_map_base: 0x00000286dbc20000

Marking Bits (Prev, Next): (CMBitMap*) 0x00000286c5119930, (CMBitMap*) 0x00000286c51198f0
 Prev Bits: [0x00000286dcd20000, 0x00000286dd520000)
 Next Bits: [0x00000286dc520000, 0x00000286dcd20000)

Polling page: 0x00000286c3040000

Metaspace:

Usage:
  Non-class:     52.77 MB capacity,    51.97 MB ( 98%) used,   700.76 KB (  1%) free+waste,   114.88 KB ( <1%) overhead. 
      Class:      8.10 MB capacity,     7.73 MB ( 95%) used,   331.42 KB (  4%) free+waste,    47.69 KB ( <1%) overhead. 
       Both:     60.87 MB capacity,    59.71 MB ( 98%) used,     1.01 MB (  2%) free+waste,   162.56 KB ( <1%) overhead. 

Virtual space:
  Non-class space:       54.00 MB reserved,      52.83 MB ( 98%) committed 
      Class space:      248.00 MB reserved,       8.12 MB (  3%) committed 
             Both:      302.00 MB reserved,      60.95 MB ( 20%) committed 

Chunk freelists:
   Non-Class:  1.00 KB
       Class:  0 bytes
        Both:  1.00 KB

MaxMetaspaceSize: 256.00 MB
CompressedClassSpaceSize: 248.00 MB

CodeHeap 'non-profiled nmethods': size=120000Kb used=3216Kb max_used=3508Kb free=116783Kb
 bounds [0x00000286d4df0000, 0x00000286d5160000, 0x00000286dc320000]
CodeHeap 'profiled nmethods': size=120000Kb used=14846Kb max_used=14846Kb free=105153Kb
 bounds [0x00000286cd8c0000, 0x00000286ce760000, 0x00000286d4df0000]
CodeHeap 'non-nmethods': size=5760Kb used=2392Kb max_used=2473Kb free=3367Kb
 bounds [0x00000286cd320000, 0x00000286cd590000, 0x00000286cd8c0000]
 total_blobs=8524 nmethods=7636 adapters=799
 compilation: enabled
              stopped_count=0, restarted_count=0
 full_count=0

Compilation events (20 events):
Event: 494.106 Thread 0x00000286dfb01550 8517   !   3       java.io.ObjectInputStream$BlockDataInputStream::refill (136 bytes)
Event: 494.107 Thread 0x00000286dfb01550 nmethod 8517 0x00000286cdb9f190 code [0x00000286cdb9f380, 0x00000286cdb9f8e8]
Event: 494.112 Thread 0x00000286dfb01550 8519       3       java.io.ObjectStreamClass::computeFieldOffsets (308 bytes)
Event: 494.113 Thread 0x00000286dfb01550 nmethod 8519 0x00000286cdb9df10 code [0x00000286cdb9e180, 0x00000286cdb9ee08]
Event: 494.113 Thread 0x00000286dfb01550 8518       3       java.io.ObjectInputStream$BlockDataInputStream::readShort (73 bytes)
Event: 494.114 Thread 0x00000286dfb01550 nmethod 8518 0x00000286cdb9d890 code [0x00000286cdb9da60, 0x00000286cdb9dd78]
Event: 494.118 Thread 0x00000286dfb01550 8520       3       jdk.internal.reflect.AccessorGenerator::emitMethod (276 bytes)
Event: 494.122 Thread 0x00000286dfb01550 nmethod 8520 0x00000286cdcd0010 code [0x00000286cdcd06c0, 0x00000286cdcd3a58]
Event: 494.122 Thread 0x00000286dfb01550 8522   !   3       java.io.ObjectOutputStream::writeObject (38 bytes)
Event: 494.122 Thread 0x00000286dfb01550 nmethod 8522 0x00000286cdb9d290 code [0x00000286cdb9d440, 0x00000286cdb9d778]
Event: 494.122 Thread 0x00000286dfb01550 8521       3       jdk.internal.reflect.ClassFileAssembler::getMaxStack (6 bytes)
Event: 494.123 Thread 0x00000286dfb01550 nmethod 8521 0x00000286cdb9cf10 code [0x00000286cdb9d0a0, 0x00000286cdb9d1b8]
Event: 494.128 Thread 0x00000286dfb01550 8523       3       java.net.InetSocketAddress::getPort (8 bytes)
Event: 494.128 Thread 0x00000286dfb01550 nmethod 8523 0x00000286cdb9cb90 code [0x00000286cdb9cd20, 0x00000286cdb9ce38]
Event: 494.132 Thread 0x00000286dfb01550 8525       3       java.lang.ClassLoader::getBuiltinPlatformClassLoader (4 bytes)
Event: 494.133 Thread 0x00000286dfb01550 nmethod 8525 0x00000286cdb9c810 code [0x00000286cdb9c9a0, 0x00000286cdb9cad8]
Event: 494.133 Thread 0x00000286dfb01550 8526       3       java.io.Bits::putLong (86 bytes)
Event: 494.134 Thread 0x00000286dfb01550 nmethod 8526 0x00000286cdb9c290 code [0x00000286cdb9c440, 0x00000286cdb9c6b8]
Event: 494.134 Thread 0x00000286dfb01550 8527       3       sun.nio.ch.SocketDispatcher::write (8 bytes)
Event: 494.134 Thread 0x00000286dfb01550 nmethod 8527 0x00000286cdb9bf10 code [0x00000286cdb9c0c0, 0x00000286cdb9c1e8]

GC Heap History (14 events):
Event: 0.657 GC heap before
{Heap before GC invocations=0 (full 0):
 garbage-first heap   total 262144K, used 18432K [0x00000000e0000000, 0x0000000100000000)
  region size 1024K, 13 young (13312K), 0 survivors (0K)
 Metaspace       used 1687K, capacity 5209K, committed 5376K, reserved 262144K
  class space    used 169K, capacity 499K, committed 512K, reserved 253952K
}
Event: 0.662 GC heap after
{Heap after GC invocations=1 (full 0):
 garbage-first heap   total 262144K, used 8112K [0x00000000e0000000, 0x0000000100000000)
  region size 1024K, 2 young (2048K), 2 survivors (2048K)
 Metaspace       used 1687K, capacity 5209K, committed 5376K, reserved 262144K
  class space    used 169K, capacity 499K, committed 512K, reserved 253952K
}
Event: 1.110 GC heap before
{Heap before GC invocations=1 (full 0):
 garbage-first heap   total 262144K, used 19376K [0x00000000e0000000, 0x0000000100000000)
  region size 1024K, 13 young (13312K), 2 survivors (2048K)
 Metaspace       used 3945K, capacity 6543K, committed 6656K, reserved 262144K
  class space    used 488K, capacity 729K, committed 768K, reserved 253952K
}
Event: 1.113 GC heap after
{Heap after GC invocations=2 (full 0):
 garbage-first heap   total 262144K, used 8951K [0x00000000e0000000, 0x0000000100000000)
  region size 1024K, 1 young (1024K), 1 survivors (1024K)
 Metaspace       used 3945K, capacity 6543K, committed 6656K, reserved 262144K
  class space    used 488K, capacity 729K, committed 768K, reserved 253952K
}
Event: 1.489 GC heap before
{Heap before GC invocations=2 (full 0):
 garbage-first heap   total 262144K, used 31479K [0x00000000e0000000, 0x0000000100000000)
  region size 1024K, 24 young (24576K), 1 survivors (1024K)
 Metaspace       used 4085K, capacity 6607K, committed 6656K, reserved 262144K
  class space    used 492K, capacity 729K, committed 768K, reserved 253952K
}
Event: 1.494 GC heap after
{Heap after GC invocations=3 (full 0):
 garbage-first heap   total 262144K, used 11995K [0x00000000e0000000, 0x0000000100000000)
  region size 1024K, 3 young (3072K), 3 survivors (3072K)
 Metaspace       used 4085K, capacity 6607K, committed 6656K, reserved 262144K
  class space    used 492K, capacity 729K, committed 768K, reserved 253952K
}
Event: 4.862 GC heap before
{Heap before GC invocations=3 (full 0):
 garbage-first heap   total 262144K, used 103131K [0x00000000e0000000, 0x0000000100000000)
  region size 1024K, 93 young (95232K), 3 survivors (3072K)
 Metaspace       used 20656K, capacity 21155K, committed 21296K, reserved 272384K
  class space    used 2974K, capacity 3109K, committed 3200K, reserved 253952K
}
Event: 4.969 GC heap after
{Heap after GC invocations=4 (full 0):
 garbage-first heap   total 262144K, used 19179K [0x00000000e0000000, 0x0000000100000000)
  region size 1024K, 11 young (11264K), 11 survivors (11264K)
 Metaspace       used 20656K, capacity 21155K, committed 21296K, reserved 272384K
  class space    used 2974K, capacity 3109K, committed 3200K, reserved 253952K
}
Event: 7.406 GC heap before
{Heap before GC invocations=5 (full 0):
 garbage-first heap   total 262144K, used 98027K [0x00000000e0000000, 0x0000000100000000)
  region size 1024K, 86 young (88064K), 11 survivors (11264K)
 Metaspace       used 35265K, capacity 35803K, committed 35888K, reserved 286720K
  class space    used 4747K, capacity 4945K, committed 4992K, reserved 253952K
}
Event: 7.427 GC heap after
{Heap after GC invocations=6 (full 0):
 garbage-first heap   total 262144K, used 25509K [0x00000000e0000000, 0x0000000100000000)
  region size 1024K, 7 young (7168K), 7 survivors (7168K)
 Metaspace       used 35265K, capacity 35803K, committed 35888K, reserved 286720K
  class space    used 4747K, capacity 4945K, committed 4992K, reserved 253952K
}
Event: 9.897 GC heap before
{Heap before GC invocations=7 (full 0):
 garbage-first heap   total 262144K, used 128933K [0x00000000e0000000, 0x0000000100000000)
  region size 1024K, 105 young (107520K), 7 survivors (7168K)
 Metaspace       used 47183K, capacity 48042K, committed 48304K, reserved 296960K
  class space    used 6285K, capacity 6578K, committed 6656K, reserved 253952K
}
Event: 9.934 GC heap after
{Heap after GC invocations=8 (full 0):
 garbage-first heap   total 262144K, used 36148K [0x00000000e0000000, 0x0000000100000000)
  region size 1024K, 14 young (14336K), 14 survivors (14336K)
 Metaspace       used 47183K, capacity 48042K, committed 48304K, reserved 296960K
  class space    used 6285K, capacity 6578K, committed 6656K, reserved 253952K
}
Event: 33.686 GC heap before
{Heap before GC invocations=8 (full 0):
 garbage-first heap   total 262144K, used 158004K [0x00000000e0000000, 0x0000000100000000)
  region size 1024K, 134 young (137216K), 14 survivors (14336K)
 Metaspace       used 59019K, capacity 60122K, committed 60240K, reserved 307200K
  class space    used 7785K, capacity 8128K, committed 8192K, reserved 253952K
}
Event: 33.816 GC heap after
{Heap after GC invocations=9 (full 0):
 garbage-first heap   total 262144K, used 44843K [0x00000000e0000000, 0x0000000100000000)
  region size 1024K, 17 young (17408K), 17 survivors (17408K)
 Metaspace       used 59019K, capacity 60122K, committed 60240K, reserved 307200K
  class space    used 7785K, capacity 8128K, committed 8192K, reserved 253952K
}

Deoptimization events (20 events):
Event: 493.881 Thread 0x00000286e6165070 DEOPT PACKING pc=0x00000286d50ed4cc sp=0x000000c8ad9f9300
Event: 493.881 Thread 0x00000286e6165070 DEOPT UNPACKING pc=0x00000286cd36e42f sp=0x000000c8ad9f9280 mode 2
Event: 493.915 Thread 0x00000286e6165070 Uncommon trap: trap_request=0xffffffde fr.pc=0x00000286d50ed4cc relative=0x000000000000174c
Event: 493.915 Thread 0x00000286e6165070 Uncommon trap: reason=class_check action=maybe_recompile pc=0x00000286d50ed4cc method=java.util.concurrent.ConcurrentHashMap.computeIfAbsent(Ljava/lang/Object;Ljava/util/function/Function;)Ljava/lang/Object; @ 241 c2
Event: 493.915 Thread 0x00000286e6165070 DEOPT PACKING pc=0x00000286d50ed4cc sp=0x000000c8ad9f9940
Event: 493.915 Thread 0x00000286e6165070 DEOPT UNPACKING pc=0x00000286cd36e42f sp=0x000000c8ad9f98c0 mode 2
Event: 493.917 Thread 0x00000286e6165070 Uncommon trap: trap_request=0xffffffde fr.pc=0x00000286d50ed4cc relative=0x000000000000174c
Event: 493.917 Thread 0x00000286e6165070 Uncommon trap: reason=class_check action=maybe_recompile pc=0x00000286d50ed4cc method=java.util.concurrent.ConcurrentHashMap.computeIfAbsent(Ljava/lang/Object;Ljava/util/function/Function;)Ljava/lang/Object; @ 241 c2
Event: 493.917 Thread 0x00000286e6165070 DEOPT PACKING pc=0x00000286d50ed4cc sp=0x000000c8ad9f9510
Event: 493.917 Thread 0x00000286e6165070 DEOPT UNPACKING pc=0x00000286cd36e42f sp=0x000000c8ad9f9490 mode 2
Event: 493.923 Thread 0x00000286e6165070 DEOPT PACKING pc=0x00000286ce2e023d sp=0x000000c8ad9f9830
Event: 493.923 Thread 0x00000286e6165070 DEOPT UNPACKING pc=0x00000286cd36e23f sp=0x000000c8ad9f8d38 mode 0
Event: 493.960 Thread 0x00000286e4992170 Uncommon trap: trap_request=0xffffff45 fr.pc=0x00000286d5108d44 relative=0x00000000000005a4
Event: 493.960 Thread 0x00000286e4992170 Uncommon trap: reason=unstable_if action=reinterpret pc=0x00000286d5108d44 method=java.util.concurrent.ConcurrentLinkedQueue.updateHead(Ljava/util/concurrent/ConcurrentLinkedQueue$Node;Ljava/util/concurrent/ConcurrentLinkedQueue$Node;)V @ 14 c2
Event: 493.960 Thread 0x00000286e4992170 DEOPT PACKING pc=0x00000286d5108d44 sp=0x000000c8aecfda20
Event: 493.960 Thread 0x00000286e4992170 DEOPT UNPACKING pc=0x00000286cd36e42f sp=0x000000c8aecfd968 mode 2
Event: 494.091 Thread 0x00000286e6165070 Uncommon trap: trap_request=0xffffffc6 fr.pc=0x00000286d5156594 relative=0x0000000000000594
Event: 494.091 Thread 0x00000286e6165070 Uncommon trap: reason=bimorphic_or_optimized_type_check action=maybe_recompile pc=0x00000286d5156594 method=java.util.stream.ReferencePipeline$2$1.accept(Ljava/lang/Object;)V @ 8 c2
Event: 494.091 Thread 0x00000286e6165070 DEOPT PACKING pc=0x00000286d5156594 sp=0x000000c8ad9f6ef0
Event: 494.091 Thread 0x00000286e6165070 DEOPT UNPACKING pc=0x00000286cd36e42f sp=0x000000c8ad9f6e40 mode 2

Classes unloaded (0 events):
No events

Classes redefined (0 events):
No events

Internal exceptions (20 events):
Event: 21.135 Thread 0x00000286e14951e0 Exception <a 'java/lang/reflect/InvocationTargetException'{0x00000000e7e45c00}> (0x00000000e7e45c00) 
thrown [./open/src/hotspot/share/runtime/reflection.cpp, line 1157]
Event: 21.153 Thread 0x00000286e49917d0 Exception <a 'java/lang/NoSuchMethodError'{0x00000000ed5798a0}: static Lorg/gradle/internal/build/event/types/DefaultTaskFailureResult;.<clinit>()V> (0x00000000ed5798a0) 
thrown [./open/src/hotspot/share/prims/jni.cpp, line 1204]
Event: 21.156 Thread 0x00000286e49917d0 Exception <a 'java/lang/NoSuchMethodError'{0x00000000ed588268}: static Lorg/gradle/internal/build/event/types/DefaultFailure;.<clinit>()V> (0x00000000ed588268) 
thrown [./open/src/hotspot/share/prims/jni.cpp, line 1204]
Event: 21.273 Thread 0x00000286e1dfe4d0 Exception <a 'java/lang/NoSuchMethodError'{0x00000000e7a07bc0}: static Lorg/gradle/tooling/internal/provider/serialization/ClassLoaderDetails;.<clinit>()V> (0x00000000e7a07bc0) 
thrown [./open/src/hotspot/share/prims/jni.cpp, line 1204]
Event: 21.275 Thread 0x00000286e1dfe4d0 Exception <a 'java/lang/NoSuchMethodError'{0x00000000e7a17d38}: static Lorg/gradle/tooling/internal/provider/serialization/WellKnownClassLoaderRegistry$KnownClassLoaderSpec;.<clinit>()V> (0x00000000e7a17d38) 
thrown [./open/src/hotspot/share/prims/jni.cpp, line 1204]
Event: 21.275 Thread 0x00000286e1dfe4d0 Exception <a 'java/lang/NoSuchMethodError'{0x00000000e7a19468}: static Lorg/gradle/internal/classloader/ClassLoaderSpec;.<clinit>()V> (0x00000000e7a19468) 
thrown [./open/src/hotspot/share/prims/jni.cpp, line 1204]
Event: 21.277 Thread 0x00000286e1dfe4d0 Exception <a 'java/lang/NoSuchMethodError'{0x00000000e7a2b0e8}: static Lorg/gradle/internal/classloader/ClassLoaderSpec;.<clinit>()V> (0x00000000e7a2b0e8) 
thrown [./open/src/hotspot/share/prims/jni.cpp, line 1204]
Event: 21.278 Thread 0x00000286e1dfe4d0 Exception <a 'java/lang/NoSuchMethodError'{0x00000000e7a36be8}: static Lorg/gradle/internal/classloader/VisitableURLClassLoader$Spec;.<clinit>()V> (0x00000000e7a36be8) 
thrown [./open/src/hotspot/share/prims/jni.cpp, line 1204]
Event: 33.854 Thread 0x00000286e305fbf0 Implicit null exception at 0x00000286d4ef296b to 0x00000286d4ef2a5c
Event: 492.498 Thread 0x00000286e6165ee0 Exception <a 'sun/nio/fs/WindowsException'{0x00000000eecdb710}> (0x00000000eecdb710) 
thrown [./open/src/hotspot/share/prims/jni.cpp, line 578]
Event: 492.499 Thread 0x00000286e6165ee0 Exception <a 'sun/nio/fs/WindowsException'{0x00000000eecdb8f0}> (0x00000000eecdb8f0) 
thrown [./open/src/hotspot/share/prims/jni.cpp, line 578]
Event: 492.519 Thread 0x00000286e6165070 Exception <a 'java/lang/ClassNotFoundException'{0x00000000eeb4ebc8}: wrapper_init4_ce4njwk08dq9i35swznpl4kk1BeanInfo> (0x00000000eeb4ebc8) 
thrown [./open/src/hotspot/share/classfile/systemDictionary.cpp, line 295]
Event: 492.519 Thread 0x00000286e6165070 Exception <a 'java/lang/ClassNotFoundException'{0x00000000eeb540f0}: wrapper_init4_ce4njwk08dq9i35swznpl4kk1Customizer> (0x00000000eeb540f0) 
thrown [./open/src/hotspot/share/classfile/systemDictionary.cpp, line 295]
Event: 493.081 Thread 0x00000286e6165070 Exception <a 'java/lang/ClassNotFoundException'{0x00000000edac9ab8}: SimpleTemplateScript3BeanInfo> (0x00000000edac9ab8) 
thrown [./open/src/hotspot/share/classfile/systemDictionary.cpp, line 295]
Event: 493.084 Thread 0x00000286e6165070 Exception <a 'java/lang/ClassNotFoundException'{0x00000000edad8bb0}: SimpleTemplateScript3Customizer> (0x00000000edad8bb0) 
thrown [./open/src/hotspot/share/classfile/systemDictionary.cpp, line 295]
Event: 493.128 Thread 0x00000286e6165070 Exception <a 'java/lang/ClassNotFoundException'{0x00000000ed84a918}: SimpleTemplateScript4BeanInfo> (0x00000000ed84a918) 
thrown [./open/src/hotspot/share/classfile/systemDictionary.cpp, line 295]
Event: 493.129 Thread 0x00000286e6165070 Exception <a 'java/lang/ClassNotFoundException'{0x00000000ed859f08}: SimpleTemplateScript4Customizer> (0x00000000ed859f08) 
thrown [./open/src/hotspot/share/classfile/systemDictionary.cpp, line 295]
Event: 494.060 Thread 0x00000286e6165070 Exception <a 'sun/nio/fs/WindowsException'{0x00000000ec71a478}> (0x00000000ec71a478) 
thrown [./open/src/hotspot/share/prims/jni.cpp, line 578]
Event: 494.061 Thread 0x00000286e6165070 Exception <a 'sun/nio/fs/WindowsException'{0x00000000ec71bb48}> (0x00000000ec71bb48) 
thrown [./open/src/hotspot/share/prims/jni.cpp, line 578]
Event: 494.105 Thread 0x00000286e6166d50 Exception <a 'java/lang/InterruptedException'{0x00000000ec796238}> (0x00000000ec796238) 
thrown [./open/src/hotspot/share/runtime/objectMonitor.cpp, line 1545]

Events (20 events):
Event: 493.811 Executing VM operation: ICBufferFull
Event: 493.811 Executing VM operation: ICBufferFull done
Event: 493.906 Executing VM operation: ICBufferFull
Event: 493.907 Executing VM operation: ICBufferFull done
Event: 493.964 Thread 0x00000286e498bc60 Thread added: 0x00000286e498bc60
Event: 493.964 Thread 0x00000286e498e2e0 Thread added: 0x00000286e498e2e0
Event: 493.964 Thread 0x00000286e61676f0 Thread added: 0x00000286e61676f0
Event: 493.967 Executing VM operation: ICBufferFull
Event: 493.968 Executing VM operation: ICBufferFull done
Event: 493.971 Thread 0x00000286e6166880 Thread added: 0x00000286e6166880
Event: 494.062 Executing VM operation: ICBufferFull
Event: 494.062 Executing VM operation: ICBufferFull done
Event: 494.062 Executing VM operation: HandshakeAllThreads
Event: 494.063 Executing VM operation: HandshakeAllThreads done
Event: 494.079 Executing VM operation: ICBufferFull
Event: 494.079 Executing VM operation: ICBufferFull done
Event: 494.095 Executing VM operation: ICBufferFull
Event: 494.095 Executing VM operation: ICBufferFull done
Event: 494.100 Thread 0x00000286e6166d50 Thread added: 0x00000286e6166d50
Event: 494.129 Thread 0x00000286e616abe0 Thread added: 0x00000286e616abe0


Dynamic libraries:
0x00007ff670d70000 - 0x00007ff670d7d000 	C:\Users\Nadya\.jdks\openjdk-15.0.1-1\bin\java.exe
0x00007ffc38070000 - 0x00007ffc38266000 	C:\Windows\SYSTEM32\ntdll.dll
0x00007ffc36d90000 - 0x00007ffc36e4d000 	C:\Windows\System32\KERNEL32.DLL
0x00007ffc35a70000 - 0x00007ffc35d39000 	C:\Windows\System32\KERNELBASE.dll
0x00007ffc35ef0000 - 0x00007ffc35ff0000 	C:\Windows\System32\ucrtbase.dll
0x00007ffc19920000 - 0x00007ffc19938000 	C:\Users\Nadya\.jdks\openjdk-15.0.1-1\bin\jli.dll
0x00007ffc19820000 - 0x00007ffc19839000 	C:\Users\Nadya\.jdks\openjdk-15.0.1-1\bin\VCRUNTIME140.dll
0x00007ffc36bc0000 - 0x00007ffc36d60000 	C:\Windows\System32\USER32.dll
0x00007ffc35ff0000 - 0x00007ffc36012000 	C:\Windows\System32\win32u.dll
0x00007ffc361e0000 - 0x00007ffc3620a000 	C:\Windows\System32\GDI32.dll
0x00007ffc35de0000 - 0x00007ffc35eeb000 	C:\Windows\System32\gdi32full.dll
0x00007ffc22e80000 - 0x00007ffc2311b000 	C:\Windows\WinSxS\amd64_microsoft.windows.common-controls_6595b64144ccf1df_6.0.19041.746_none_ca02b4b61b8320a4\COMCTL32.dll
0x00007ffc35d40000 - 0x00007ffc35ddd000 	C:\Windows\System32\msvcp_win.dll
0x00007ffc360d0000 - 0x00007ffc3616e000 	C:\Windows\System32\msvcrt.dll
0x00007ffc36d60000 - 0x00007ffc36d90000 	C:\Windows\System32\IMM32.DLL
0x00007ffc324d0000 - 0x00007ffc324dc000 	C:\Users\Nadya\.jdks\openjdk-15.0.1-1\bin\vcruntime140_1.dll
0x00007ffc18fa0000 - 0x00007ffc19031000 	C:\Users\Nadya\.jdks\openjdk-15.0.1-1\bin\msvcp140.dll
0x00007ffbfa590000 - 0x00007ffbfb0ee000 	C:\Users\Nadya\.jdks\openjdk-15.0.1-1\bin\server\jvm.dll
0x00007ffc37820000 - 0x00007ffc378cc000 	C:\Windows\System32\ADVAPI32.dll
0x00007ffc37780000 - 0x00007ffc3781c000 	C:\Windows\System32\sechost.dll
0x00007ffc367b0000 - 0x00007ffc368db000 	C:\Windows\System32\RPCRT4.dll
0x00007ffc38020000 - 0x00007ffc38028000 	C:\Windows\System32\PSAPI.DLL
0x00007ffc22110000 - 0x00007ffc22119000 	C:\Windows\SYSTEM32\WSOCK32.dll
0x00007ffc369a0000 - 0x00007ffc36a0b000 	C:\Windows\System32\WS2_32.dll
0x00007ffc2ebd0000 - 0x00007ffc2ebda000 	C:\Windows\SYSTEM32\VERSION.dll
0x00007ffc2bbc0000 - 0x00007ffc2bbe7000 	C:\Windows\SYSTEM32\WINMM.dll
0x00007ffc340e0000 - 0x00007ffc340f2000 	C:\Windows\SYSTEM32\kernel.appcore.dll
0x00007ffc2fda0000 - 0x00007ffc2fdaa000 	C:\Users\Nadya\.jdks\openjdk-15.0.1-1\bin\jimage.dll
0x00007ffc33da0000 - 0x00007ffc33f84000 	C:\Windows\SYSTEM32\DBGHELP.DLL
0x00007ffc200c0000 - 0x00007ffc200ec000 	C:\Windows\SYSTEM32\dbgcore.DLL
0x00007ffc35940000 - 0x00007ffc359c0000 	C:\Windows\System32\bcryptPrimitives.dll
0x00007ffc197f0000 - 0x00007ffc19815000 	C:\Users\Nadya\.jdks\openjdk-15.0.1-1\bin\java.dll
0x00007ffc378d0000 - 0x00007ffc38013000 	C:\Windows\System32\SHELL32.dll
0x00007ffc33540000 - 0x00007ffc33ccf000 	C:\Windows\SYSTEM32\windows.storage.dll
0x00007ffc36270000 - 0x00007ffc365c6000 	C:\Windows\System32\combase.dll
0x00007ffc35210000 - 0x00007ffc3523c000 	C:\Windows\SYSTEM32\Wldp.dll
0x00007ffc375b0000 - 0x00007ffc3765e000 	C:\Windows\System32\SHCORE.dll
0x00007ffc36210000 - 0x00007ffc36265000 	C:\Windows\System32\shlwapi.dll
0x00007ffc356e0000 - 0x00007ffc35706000 	C:\Windows\SYSTEM32\profapi.dll
0x00007ffc19250000 - 0x00007ffc19269000 	C:\Users\Nadya\.jdks\openjdk-15.0.1-1\bin\net.dll
0x00007ffc262a0000 - 0x00007ffc263a0000 	C:\Windows\SYSTEM32\WINHTTP.dll
0x00007ffc34f90000 - 0x00007ffc34ffa000 	C:\Windows\system32\mswsock.dll
0x00007ffc19230000 - 0x00007ffc19242000 	C:\Users\Nadya\.jdks\openjdk-15.0.1-1\bin\nio.dll
0x00007ffc18f80000 - 0x00007ffc18f98000 	C:\Users\Nadya\.jdks\openjdk-15.0.1-1\bin\zip.dll
0x00007ffc2f280000 - 0x00007ffc2f290000 	C:\Users\Nadya\.jdks\openjdk-15.0.1-1\bin\verify.dll
0x00007ffc19940000 - 0x00007ffc19966000 	C:\Users\Nadya\.gradle\native\fdc75f09e3144964f2cf3f50f0aa648679c211496f362492102eb8c894070792\windows-amd64\native-platform.dll
0x00007ffc19040000 - 0x00007ffc191d1000 	C:\Users\Nadya\.gradle\native\12488b8bf47d2d4c9fbf2f6322a914ad602e24e48041cd04a747c6da556b65c4\windows-amd64\native-platform-file-events.dll
0x00007ffc216b0000 - 0x00007ffc216b9000 	C:\Users\Nadya\.jdks\openjdk-15.0.1-1\bin\management.dll
0x00007ffc214d0000 - 0x00007ffc214db000 	C:\Users\Nadya\.jdks\openjdk-15.0.1-1\bin\management_ext.dll
0x00007ffc35160000 - 0x00007ffc35178000 	C:\Windows\SYSTEM32\CRYPTSP.dll
0x00007ffc348c0000 - 0x00007ffc348f4000 	C:\Windows\system32\rsaenh.dll
0x00007ffc35910000 - 0x00007ffc35937000 	C:\Windows\System32\bcrypt.dll
0x00007ffc356a0000 - 0x00007ffc356ce000 	C:\Windows\SYSTEM32\USERENV.dll
0x00007ffc35180000 - 0x00007ffc3518c000 	C:\Windows\SYSTEM32\CRYPTBASE.dll
0x00007ffc34c30000 - 0x00007ffc34c6b000 	C:\Windows\SYSTEM32\IPHLPAPI.DLL
0x00007ffc36170000 - 0x00007ffc36178000 	C:\Windows\System32\NSI.dll
0x00007ffc2d1e0000 - 0x00007ffc2d1f7000 	C:\Windows\SYSTEM32\dhcpcsvc6.DLL
0x00007ffc2d320000 - 0x00007ffc2d33d000 	C:\Windows\SYSTEM32\dhcpcsvc.DLL
0x00007ffc34c80000 - 0x00007ffc34d4b000 	C:\Windows\SYSTEM32\DNSAPI.dll
0x00007ffc2d480000 - 0x00007ffc2d48b000 	C:\Windows\SYSTEM32\WINNSI.DLL
0x00007ffc18f40000 - 0x00007ffc18f5e000 	C:\Users\Nadya\AppData\Local\Temp\native-platform15772534279945461758dir\native-platform.dll
0x00007ffc19910000 - 0x00007ffc19917000 	C:\Users\Nadya\.jdks\openjdk-15.0.1-1\bin\rmi.dll

dbghelp: loaded successfully - version: 4.0.5 - missing functions: none
symbol engine: initialized successfully - sym options: 0x614 - pdb path: .;C:\Users\Nadya\.jdks\openjdk-15.0.1-1\bin;C:\Windows\SYSTEM32;C:\Windows\WinSxS\amd64_microsoft.windows.common-controls_6595b64144ccf1df_6.0.19041.746_none_ca02b4b61b8320a4;C:\Users\Nadya\.jdks\openjdk-15.0.1-1\bin\server;C:\Users\Nadya\.gradle\native\fdc75f09e3144964f2cf3f50f0aa648679c211496f362492102eb8c894070792\windows-amd64;C:\Users\Nadya\.gradle\native\12488b8bf47d2d4c9fbf2f6322a914ad602e24e48041cd04a747c6da556b65c4\windows-amd64;C:\Users\Nadya\AppData\Local\Temp\native-platform15772534279945461758dir

VM Arguments:
jvm_args: --add-opens=java.base/java.util=ALL-UNNAMED --add-opens=java.base/java.lang=ALL-UNNAMED --add-opens=java.base/java.lang.invoke=ALL-UNNAMED --add-opens=java.prefs/java.util.prefs=ALL-UNNAMED -XX:MaxMetaspaceSize=256m -XX:+HeapDumpOnOutOfMemoryError -Xms256m -Xmx512m -Dfile.encoding=windows-1251 -Duser.country=RU -Duser.language=ru -Duser.variant 
java_command: org.gradle.launcher.daemon.bootstrap.GradleDaemon 6.7
java_class_path (initial): C:\Users\Nadya\.gradle\wrapper\dists\gradle-6.7-bin\efvqh8uyq79v2n7rcncuhu9sv\gradle-6.7\lib\gradle-launcher-6.7.jar
Launcher Type: SUN_STANDARD

[Global flags]
     intx CICompilerCount                          = 3                                         {product} {ergonomic}
   size_t CompressedClassSpaceSize                 = 260046848                                 {product} {ergonomic}
     uint ConcGCThreads                            = 1                                         {product} {ergonomic}
     uint G1ConcRefinementThreads                  = 4                                         {product} {ergonomic}
   size_t G1HeapRegionSize                         = 1048576                                   {product} {ergonomic}
    uintx GCDrainStackTargetSize                   = 64                                        {product} {ergonomic}
     bool HeapDumpOnOutOfMemoryError               = true                                   {manageable} {command line}
   size_t InitialHeapSize                          = 268435456                                 {product} {command line}
   size_t MarkStackSize                            = 4194304                                   {product} {ergonomic}
   size_t MaxHeapSize                              = 536870912                                 {product} {command line}
   size_t MaxMetaspaceSize                         = 268435456                                 {product} {command line}
   size_t MaxNewSize                               = 321912832                                 {product} {ergonomic}
   size_t MinHeapDeltaBytes                        = 1048576                                   {product} {ergonomic}
   size_t MinHeapSize                              = 268435456                                 {product} {command line}
    uintx NonNMethodCodeHeapSize                   = 5832780                                {pd product} {ergonomic}
    uintx NonProfiledCodeHeapSize                  = 122912730                              {pd product} {ergonomic}
    uintx ProfiledCodeHeapSize                     = 122912730                              {pd product} {ergonomic}
    uintx ReservedCodeCacheSize                    = 251658240                              {pd product} {ergonomic}
     bool SegmentedCodeCache                       = true                                      {product} {ergonomic}
   size_t SoftMaxHeapSize                          = 536870912                              {manageable} {ergonomic}
     bool UseCompressedClassPointers               = true                                 {lp64_product} {ergonomic}
     bool UseCompressedOops                        = true                                 {lp64_product} {ergonomic}
     bool UseG1GC                                  = true                                      {product} {ergonomic}
     bool UseLargePagesIndividualAllocation        = false                                  {pd product} {ergonomic}

Logging:
Log output configuration:
 #0: stdout all=warning uptime,level,tags
 #1: stderr all=off uptime,level,tags

Environment Variables:
PATH=C:\Program Files (x86)\Common Files\Oracle\Java\javapath;C:\ProgramData\Oracle\Java\javapath;C:\Windows\system32;C:\Windows;C:\Windows\System32\Wbem;C:\Windows\System32\WindowsPowerShell\v1.0\;C:\Windows\System32\OpenSSH\;C:\Program Files\Git\cmd;C:\Users\Nadya\AppData\Local\Microsoft\WindowsApps;C:\Program Files\JetBrains2\IntelliJ IDEA Community Edition 2020.2.3\bin;;C:\Gradle\gradle-6.8\bin;
USERNAME=Nadya
OS=Windows_NT
PROCESSOR_IDENTIFIER=Intel64 Family 6 Model 78 Stepping 3, GenuineIntel



---------------  S Y S T E M  ---------------

OS:
 Windows 10 , 64 bit Build 19041 (10.0.19041.662)
OS uptime: 0 days 3:42 hours

CPU: total 4 (initial active 4) (2 cores per cpu, 2 threads per core) family 6 model 78 stepping 3 microcode 0xcc, cmov, cx8, fxsr, mmx, sse, sse2, sse3, ssse3, sse4.1, sse4.2, popcnt, vzeroupper, avx, avx2, aes, clmul, erms, 3dnowpref, lzcnt, ht, tsc, tscinvbit, bmi1, bmi2, adx, fma, clflush, clflushopt

Memory: 4k page, system-wide physical 3512M (87M free)
TotalPageFile size 5560M (AvailPageFile size 9M)
current process WorkingSet (physical memory assigned to process): 288M, peak: 294M
current process commit charge ("private bytes"): 483M, peak: 485M

vm_info: OpenJDK 64-Bit Server VM (15.0.1+9-18) for windows-amd64 JRE (15.0.1+9-18), built on Sep 15 2020 14:39:31 by "mach5one" with unknown MS VC++:1925

END.
